--test ok
create or replace function test_subproc_func(a in integer) return integer as
  mds integer;
  original integer;
  function square(original in integer) return integer;
  function square(original in integer) return integer
  AS
       original_squared integer;
  begin
       original_squared := original * original;
       original := original_squared + 1;
       return original_squared;
   end;
begin
    mds := 10;
    original := square(mds);
    raise info '%',original;
    a := original + 1;
    return mds;
end;
/
--print 100 and 10
select * from test_subproc_func(23);
INFO:  100
 test_subproc_func 
-------------------
                10
(1 row)

drop function test_subproc_func(integer);
---global variable the name as local variable
--test ok
create or replace function test_subproc_func(a in out integer) return integer AS
  mds integer;
  original integer;
  function square(original in out integer) return integer;
  function square(original in out integer) return integer
  AS
       original_squared integer;
	   a integer;
  BEGIN
       a := 23;
       original_squared := original * original;
       raise info 'mds=%', mds;
       raise info 'original=%', original;
	   raise info 'local var a = %',a;
	   raise info 'global a = %', test_subproc_func.a;
       original := original_squared + 1;
       --return original_squared;
   end;
begin
    mds := 10;
    original := 21;
    original := square(mds);
    raise info '%', original;
    a := original + 1;
    --return mds;
end;
/
--print mds=10 original=10 local var a =23
--global a =21 101 102
select * from test_subproc_func(21);
INFO:  mds=10
INFO:  original=10
INFO:  local var a = 23
INFO:  global a = 21
INFO:  101
  a  
-----
 102
(1 row)

drop function test_subproc_func(integer);
---schema function and subproc function as the same name
create or replace function test_subproc(id integer) return integer
AS
   var1 integer;
begin
    var1 := id;
    raise info 'schema function test_subproc';
    return var1;
END;
/
drop function test_subproc(integer);
--test ok
create or replace function test_mds(id integer) return integer AS
  ids integer;
  function test_subproc(id integer) return integer result_cache;
  function test_subproc(id integer) return integer result_cache
 IS
  declare
  var1 integer;
  begin
     var1 := id;
     return var1;
  end;
begin
    ids := test_subproc(23);
    raise info '%', id;
    return id;
end;
/
--test failed
create or replace function test_mds(id integer) return integer AS
  ids integer;
  function test_subproc(id integer) return integer result_cache relies_on (mds);
  function test_subproc(id integer) return integer result_cache relies_on (mds)
 IS
  var1 integer;
  begin
     var1 := id;
     return var1;
  end;
begin
    ids := test_subproc(23);
    raise info '%', id;
    return id;
end;
/
ERROR:  RELIES_ON clause is disallowed on function declaration
CONTEXT:  compilation of PL/iSQL function "test_mds" near line 1
--test ok
create or replace function test_mds(id integer) return integer as
  ids integer;
  function test_subproc(id integer) return integer result_cache;
  function test_subproc(id integer) return integer result_cache relies_on (mds)
 IS
  var1 integer;
  begin
     var1 := id;
     return var1;
  end;
begin
    ids := test_subproc(23);
    raise info '%', id;
    return id;
end;
/
--print 23 23
select * from test_mds(23);
INFO:  23
 test_mds 
----------
       23
(1 row)

--test ok
create or replace function test_mds(id integer) return integer AS
  ids integer;
  function test_subproc(id integer) return integer DETERMINISTIC result_cache;
  function test_subproc(id integer) return integer DETERMINISTIC result_cache
  IS
    var1 integer;
  begin
     var1 := id;
     return var1;
  end;
begin
    ids := test_subproc(23);
    raise info '%', id;
    return id;
end;
/
--test ok
create or replace function test_mds(id integer) return integer AS
ids integer;
  function test_subproc(id integer) return integer  result_cache DETERMINISTIC;
  function test_subproc(id integer) return integer  result_cache DETERMINISTIC
 IS
  var1 integer;
  begin
     var1 := id;
     return var1;
  end;
begin
    ids := test_subproc(23);
    raise info '%', id;
    return id;
end;
/
--test ok
create or replace function test_mds(id integer) return integer AS
  ids integer;
  function test_subproc(id integer) return integer  result_cache;
  function test_subproc(id integer) return integer  result_cache DETERMINISTIC
 IS
  var1 integer;
  begin
     var1 := id;
     return var1;
  end;
begin
    ids := test_subproc(23);
    raise info '%', id;
    return id;
end;
/
--test ok
create or replace function test_mds(id integer) return integer AS
  ids integer;
  function test_subproc(id integer) return integer;
  function test_subproc(id integer) return integer DETERMINISTIC
 IS
  var1 integer;
  begin
     var1 := id;
     return var1;
  end;
begin
    ids := test_subproc(23);
    raise info '%', id;
    return id;
end;
/
--test ok
create or replace function test_mds(id integer) return integer is
ids integer;
  function test_subproc(id integer) return integer DETERMINISTIC;
  function test_subproc(id integer) return integer
 IS
  var1 integer;
  begin
     var1 := id;
     return var1;
  end;
begin
    ids := test_subproc(23);
    raise info '%', id;
    return id;
end;
/
--test failed
create or replace function test_mds(id integer) return integer AS
ids integer;
  function test_subproc(id integer) return integer RESULT_CACHE;
  function test_subproc(id integer) return integer
 IS
  var1 integer;
  begin
     var1 := id;
     return var1;
  end;
begin
    ids := test_subproc(23);
    raise info '%', id;
    return id;
end;
/
ERROR:  RESULT_CACHE must be specified on "test_subproc" declaration and definition
CONTEXT:  compilation of PL/iSQL function "test_mds" near line 1
--test failed
create or replace function test_mds(id integer) return integer AS
ids integer;
  function test_subproc(id integer) return integer;
  function test_subproc(id integer) return integer RESULT_CACHE
 Is
   var1 integer;
  begin
     var1 := id;
     return var1;
  end;
begin
    ids := test_subproc(23);
    raise info '%', id;
    return id;
end;
/
ERROR:  RESULT_CACHE must be specified on "test_subproc" declaration and definition
CONTEXT:  compilation of PL/iSQL function "test_mds" near line 1
--test failed
create or replace function test_mds(id integer) return integer AS
ids integer;
  function test_subproc(id integer) return integer;
  function test_subproc(id integer) return integer RESULT_CACHE DETERMINISTIC
 Is
  var1 integer;
  begin
     var1 := id;
     return var1;
  end;
begin
    ids := test_subproc(23);
    raise info '%', id;
    return id;
end;
/
ERROR:  RESULT_CACHE must be specified on "test_subproc" declaration and definition
CONTEXT:  compilation of PL/iSQL function "test_mds" near line 1
--test failed
create or replace function test_mds(id integer) return integer AS
ids integer;
  function test_subproc(id integer) return integer RESULT_CACHE DETERMINISTIC;
  function test_subproc(id integer) return integer
 IS
  var1 integer;
  begin
     var1 := id;
     return var1;
  end;
begin
    ids := test_subproc(23);
    raise info '%', id;
    return id;
end;
/
ERROR:  RESULT_CACHE must be specified on "test_subproc" declaration and definition
CONTEXT:  compilation of PL/iSQL function "test_mds" near line 1
--test failed
create or replace function test_mds(id integer) return integer AS
ids integer;
  function test_subproc(id integer) return integer RESULT_CACHE;
  function test_subproc(id integer) return integer DETERMINISTIC
 IS
  var1 integer;
  begin
     var1 := id;
     return var1;
  end;
begin
    ids := test_subproc(23);
    raise info '%', id;
    return id;
end;
/
ERROR:  RESULT_CACHE must be specified on "test_subproc" declaration and definition
CONTEXT:  compilation of PL/iSQL function "test_mds" near line 1
--test failed
create or replace function test_mds(id integer) return integer AS
ids integer;
  function test_subproc(id integer) return integer DETERMINISTIC;
  function test_subproc(id integer) return integer RESULT_CACHE
 IS
  var1 integer;
  begin
     var1 := id;
     return var1;
  end;
begin
    ids := test_subproc(23);
    raise info '%', id;
    return id;
end;
/
ERROR:  RESULT_CACHE must be specified on "test_subproc" declaration and definition
CONTEXT:  compilation of PL/iSQL function "test_mds" near line 1
--test failed
create or replace function test_mds(id integer) return integer AS
  ids integer;
  function test_subproc(id integer) return integer result_cache result_cache;
  function test_subproc(id integer) return integer  result_cache result_cache
 IS
  var1 integer;
  begin
     var1 := id;
     return var1;
  end;
begin
    ids := test_subproc(23);
    raise info '%', id;
    return id;
end;
/
ERROR:  at most one declaration for 'RESULT_CACHE' is permitted
CONTEXT:  compilation of PL/iSQL function "test_mds" near line 1
--test ok
create or replace function test_mds(id integer) return integer AS
ids integer;
  function test_subproc(id integer) return integer DETERMINISTIC RESULT_CACHE;
  function test_subproc(id integer) return integer RESULT_CACHE
 IS
  var1 integer;
  begin
     var1 := id;
     return var1;
  end;
begin
    ids := test_subproc(23);
    raise info '%', id;
    return id;
end;
/
--test ok
create or replace function test_mds(id integer) return integer AS
ids integer;
  function test_subproc(id integer) return integer RESULT_CACHE;
  function test_subproc(id integer) return integer RESULT_CACHE DETERMINISTIC
 IS
  var1 integer;
  begin
     var1 := id;
     return var1;
  end;
begin
    ids := test_subproc(23);
    raise info '%', id;
    return id;
end;
/
--test ok
create or replace function test_mds(id integer) return integer AS
ids integer;
  function test_subproc(id integer) return integer RESULT_CACHE;
  function test_subproc(id integer) return integer RESULT_CACHE relies_on (mds,sds) DETERMINISTIC
 IS
  var1 integer;
  begin
     var1 := id;
     return var1;
  end;
begin
    ids := test_subproc(23);
    raise info '%', id;
    return id;
end;
/
drop function test_mds(integer);
--test ok
create or replace procedure test_mds(id integer) AS
ids integer;
  function test_subproc(id integer) return integer RESULT_CACHE;
  function test_subproc(id integer) return integer RESULT_CACHE DETERMINISTIC
 IS
  var1 integer;
  begin
     var1 := id;
     return var1;
  end;
begin
    ids := test_subproc(23);
    raise info '%', id;
end;
/
drop procedure test_mds(integer);
--test ok
create or replace function test_subprocfunc(id integer) return integer
as
  mds integer;
  function test_subprocfunc(id integer) return integer;
  procedure test_subprocproc(id integer);
  procedure test_subprocproc(id integer) IS
    var1 integer;
  begin
    raise info 'test_subprocproc';
  end;
  function test_subprocfunc(id integer) return integer IS
    var1 integer;
   begin
     raise info 'test_subprocfunc';
     return id;
   end;
begin
  call test_subprocproc(23);
  mds := test_subprocfunc(23);
  return mds;
end;
/
--test ok
create or replace procedure test_subprocproc(id integer)
AS
  mds integer;
  function test_subprocfunc(id integer) return integer;
  procedure test_subprocproc(id integer);
  procedure test_subprocproc(id integer) IS
    var1 integer;
  begin
    raise info 'test_subprocproc';
  end;
  function test_subprocfunc(id integer) return integer IS
    var1 integer;
   begin
     raise info 'test_subprocfunc';
     return id;
   end;
begin
  call test_subprocproc(23);
  mds := test_subprocfunc(23);
end;
/
--test ok
create or replace procedure test_subprocproc(id integer) AS
  var1 integer;
  function square(original integer) return integer;
  function square(original integer) return integer
  AS
       original_squared integer;
       var1 integer;
       function test(test integer) return integer
       AS
          var1 integer;
	      var2 integer;
       begin
           var1 := 55;
	   raise info '%',var1;
           var2 := var1 + 10;
	   return var2;
       end;
  begin
       var1 := 45;
       original_squared := original * original;
       raise info '%',var1;
       var1 := test(23);
       return original_squared;
   end;
begin
    var1 := 23;
    var1 := square(100);
    raise info '%', var1;
 end;
/
drop procedure test_subprocproc(integer);
--ok
create schema test;
create or replace procedure test.test_proc(id integer) is
  var1 integer;
  function test_f(id integer) return integer;
  procedure test_p2(id integer);
  procedure test_p(id integer) is
    var2 integer;
  begin
     var2 := 1;
     raise info 'subproc level 1 test_p';
   end;
   function test_f(id integer) return integer as
     var3 integer;
     function test_f1(id integer) return integer;
     procedure test_p2(id integer);
     function test_p2(id integer) return integer as
       var3 integer;
     begin
        var3 := 4;
	raise info 'invoke test_f1.test_p2';
	return var3;
     end;
     function test_f1(id integer) return integer is
       var4 integer;
     begin
       if var4 = 23 then
         var4 := 1;
         raise info 'xiexie';
       else
         var4 := 5;
         raise info 'welcome';
       end if;
       return var4;
      end;
      procedure test_p2(id integer) is
      begin
        var3 := 1;
      end;
   begin
      var3 := 1;
      raise info 'subproc level 1 test_f';
      var3 := test_f1(var3);
      var3 := test_p2(var3);
      return var3;
   end;
   procedure test_p2(id integer) is
     var2 integer;
   begin
      var2 := 23;
      raise info 'subproc level 1 test_p2';
   end;
begin
  var1 := 2;
  raise info 'var1 = %', var1;
  declare
     function test_f1(id integer) return integer;
     function test_f1(id integer) return integer IS
        i integer;
     begin
        var1 := 1;
        raise info 'begin in subproc';
		FOR i IN 0..9 LOOP
           raise info '%',i;
			IF i % 2 = 0 THEN
				raise info 'even number';
			ELSE
				raise info 'odd number';
			END IF;
		END LOOP;
		return var1;
     end;
  begin
     var1 := test_f1(var1);
     var1 := test_f(23);
  end;
end;
/
call test.test_proc(23);
INFO:  var1 = 2
INFO:  begin in subproc
INFO:  0
INFO:  even number
INFO:  1
INFO:  odd number
INFO:  2
INFO:  even number
INFO:  3
INFO:  odd number
INFO:  4
INFO:  even number
INFO:  5
INFO:  odd number
INFO:  6
INFO:  even number
INFO:  7
INFO:  odd number
INFO:  8
INFO:  even number
INFO:  9
INFO:  odd number
INFO:  subproc level 1 test_f
INFO:  welcome
INFO:  invoke test_f1.test_p2
create or replace procedure test.test_proc1(id integer) is
  var1 integer;
begin
  var1 := 2;
  raise info 'var1 = %', var1;
  declare
     function test_f1(id integer) return integer;
     function test_f1(id integer) return integer IS
        i integer;
     begin
        var1 := 1;
        raise info 'begin in subproc';
		FOR i IN 0..9 LOOP
           raise info '%',i;
			IF i % 2 = 0 THEN
				raise info 'even number';
			ELSE
				raise info 'odd number';
			END IF;
		END LOOP;
		return var1;
     end;
  begin
     var1 := test_f1(var1);
  end;
end;
/
call test.test_proc1(23);
INFO:  var1 = 2
INFO:  begin in subproc
INFO:  0
INFO:  even number
INFO:  1
INFO:  odd number
INFO:  2
INFO:  even number
INFO:  3
INFO:  odd number
INFO:  4
INFO:  even number
INFO:  5
INFO:  odd number
INFO:  6
INFO:  even number
INFO:  7
INFO:  odd number
INFO:  8
INFO:  even number
INFO:  9
INFO:  odd number
--ok
declare
  var1 integer;
  function test_f(id integer) return integer;
  procedure test_p2(id integer);
  procedure test_p(id integer) is
    var2 integer;
  begin
     var2 := 1;
     raise info 'subproc level 1 test_p';
   end;
   function test_f(id integer) return integer as
     var3 integer;
     function test_f1(id integer) return integer;
     procedure test_p2(id integer);
     function test_p2(id integer) return integer as
       var3 integer;
     begin
        var3 := 4;
	raise info 'invoke test_f1.test_p2';
	return var3;
     end;
     function test_f1(id integer) return integer is
       var4 integer;
     begin
       if var4 = 23 then
         var4 := 1;
         raise info 'xiexie';
       else
         var4 := 5;
         raise info 'welcome';
       end if;
       return var4;
      end;
      procedure test_p2(id integer) is
      begin
        var3 := 1;
      end;
   begin
      var3 := 1;
      raise info 'subproc level 1 test_f';
      var3 := test_f1(var3);
      var3 := test_p2(var3);
      return var3;
   end;
   procedure test_p2(id integer) is
     var2 integer;
   begin
      var2 := 23;
      raise info 'subproc level 1 test_p2';
   end;
begin
  var1 := 2;
  raise info 'var1 = %', var1;
  declare
     function test_f1(id integer) return integer;
     function test_f1(id integer) return integer IS
        i integer;
     begin
        var1 := 1;
        raise info 'begin in subproc';
		FOR i IN 0..9 LOOP
           raise info '%',i;
			IF i % 2 = 0 THEN
				raise info 'even number';
			ELSE
				raise info 'odd number';
			END IF;
		END LOOP;
		return var1;
     end;
  begin
     var1 := test_f1(var1);
     var1 := test_f(23);
  end;
end;
/
INFO:  var1 = 2
INFO:  begin in subproc
INFO:  0
INFO:  even number
INFO:  1
INFO:  odd number
INFO:  2
INFO:  even number
INFO:  3
INFO:  odd number
INFO:  4
INFO:  even number
INFO:  5
INFO:  odd number
INFO:  6
INFO:  even number
INFO:  7
INFO:  odd number
INFO:  8
INFO:  even number
INFO:  9
INFO:  odd number
INFO:  subproc level 1 test_f
INFO:  welcome
INFO:  invoke test_f1.test_p2
--ok and print
BEGIN
   raise info 'welccome to begin';
declare
  var1 integer;
  function test_f(id integer) return integer;
  procedure test_p2(id integer);
  procedure test_p(id integer) is
    var2 integer;
  begin
     var2 := 1;
     raise info 'subproc level 1 test_p';
   end;
   function test_f(id integer) return integer as
     var3 integer;
     function test_f1(id integer) return integer;
     procedure test_p2(id integer);
     function test_p2(id integer) return integer as
       var3 integer;
     begin
        var3 := 4;
	raise info 'invoke test_f1.test_p2';
	return var3;
     end;
     function test_f1(id integer) return integer is
       var4 integer;
     begin
       if var4 = 23 then
         var4 := 1;
         raise info 'xiexie';
       else
         var4 := 5;
         raise info 'welcome';
       end if;
       return var4;
      end;
      procedure test_p2(id integer) is
      begin
        var3 := 1;
      end;
   begin
      var3 := 1;
      raise info 'subproc level 1 test_f';
      var3 := test_f1(var3);
      var3 := test_p2(var3);
      return var3;
   end;
   procedure test_p2(id integer) is
     var2 integer;
   begin
      var2 := 23;
      raise info 'subproc level 1 test_p2';
   end;
begin
  var1 := 2;
  raise info 'var1 = %', var1;
  declare
     function test_f1(id integer) return integer;
     function test_f1(id integer) return integer IS
        i integer;
     begin
        var1 := 1;
        raise info 'begin in subproc';
		FOR i IN 0..9 LOOP
           raise info '%',i;
			IF i % 2 = 0 THEN
				raise info 'even number';
			ELSE
				raise info 'odd number';
			END IF;
		END LOOP;
		return var1;
     end;
  begin
     var1 := test_f1(var1);
     var1 := test_f(23);
  end;
end;
end;
/
INFO:  welccome to begin
INFO:  var1 = 2
INFO:  begin in subproc
INFO:  0
INFO:  even number
INFO:  1
INFO:  odd number
INFO:  2
INFO:  even number
INFO:  3
INFO:  odd number
INFO:  4
INFO:  even number
INFO:  5
INFO:  odd number
INFO:  6
INFO:  even number
INFO:  7
INFO:  odd number
INFO:  8
INFO:  even number
INFO:  9
INFO:  odd number
INFO:  subproc level 1 test_f
INFO:  welcome
INFO:  invoke test_f1.test_p2
--clean data
DROP PROCEDURE test.test_proc;
DROP PROCEDURE test.test_proc1;
