--
-- Test PRAGMA AUTONOMOUS_TRANSACTION
--
-- This test verifies autonomous transaction functionality using dblink
--
-- Setup: Enable Oracle mode and install dblink
CREATE EXTENSION IF NOT EXISTS dblink;
-- Create test table
CREATE TABLE autonomous_test (
    id INT,
    msg TEXT,
    tx_state TEXT DEFAULT 'unknown'
);
--
-- Test 1: Basic autonomous transaction (no parameters)
--
CREATE OR REPLACE PROCEDURE test_basic AS $$
PRAGMA AUTONOMOUS_TRANSACTION;
BEGIN
    INSERT INTO autonomous_test VALUES (1, 'basic test', 'committed');
END;
$$ LANGUAGE plisql;
/
-- Must commit procedure before calling it
COMMIT;
WARNING:  there is no transaction in progress
CALL test_basic();
SELECT id, msg, tx_state FROM autonomous_test WHERE id = 1;
 id |    msg     | tx_state  
----+------------+-----------
  1 | basic test | committed
(1 row)

--
-- Test 2: Autonomous transaction with parameters
--
CREATE OR REPLACE PROCEDURE test_with_params(p_id INT, p_msg TEXT) AS $$
PRAGMA AUTONOMOUS_TRANSACTION;
BEGIN
    INSERT INTO autonomous_test VALUES (p_id, p_msg, 'committed');
END;
$$ LANGUAGE plisql;
/
COMMIT;
WARNING:  there is no transaction in progress
CALL test_with_params(2, 'with params');
SELECT id, msg, tx_state FROM autonomous_test WHERE id = 2;
 id |     msg     | tx_state  
----+-------------+-----------
  2 | with params | committed
(1 row)

--
-- Test 3: Transaction isolation - autonomous commit survives outer rollback
--
CREATE OR REPLACE PROCEDURE test_isolation(p_id INT) AS $$
PRAGMA AUTONOMOUS_TRANSACTION;
BEGIN
    INSERT INTO autonomous_test VALUES (p_id, 'autonomous', 'committed');
END;
$$ LANGUAGE plisql;
/
COMMIT;
WARNING:  there is no transaction in progress
-- Start a transaction and rollback
BEGIN;
    INSERT INTO autonomous_test VALUES (100, 'before autonomous', 'rolled back');
    CALL test_isolation(200);
    INSERT INTO autonomous_test VALUES (300, 'after autonomous', 'rolled back');
ROLLBACK;
-- Verify: Only id=200 should exist (100 and 300 rolled back)
SELECT id, msg, tx_state FROM autonomous_test WHERE id >= 100 ORDER BY id;
 id  |    msg     | tx_state  
-----+------------+-----------
 200 | autonomous | committed
(1 row)

--
-- Test 4: Multiple parameters with different types
--
CREATE OR REPLACE PROCEDURE test_multi_types(
    p_int INT,
    p_text TEXT,
    p_bool BOOLEAN
) AS $$
PRAGMA AUTONOMOUS_TRANSACTION;
BEGIN
    INSERT INTO autonomous_test VALUES (
        p_int,
        p_text || ' (bool=' || p_bool::TEXT || ')',
        'committed'
    );
END;
$$ LANGUAGE plisql;
/
COMMIT;
WARNING:  there is no transaction in progress
CALL test_multi_types(4, 'multi-type', true);
SELECT id, msg FROM autonomous_test WHERE id = 4;
 id |          msg           
----+------------------------
  4 | multi-type (bool=true)
(1 row)

--
-- Test 5: NULL parameter handling
--
CREATE OR REPLACE PROCEDURE test_nulls(p_id INT, p_msg TEXT) AS $$
PRAGMA AUTONOMOUS_TRANSACTION;
BEGIN
    INSERT INTO autonomous_test VALUES (p_id, COALESCE(p_msg, 'NULL msg'), 'committed');
END;
$$ LANGUAGE plisql;
/
COMMIT;
WARNING:  there is no transaction in progress
CALL test_nulls(5, NULL);
SELECT id, msg FROM autonomous_test WHERE id = 5;
 id |   msg    
----+----------
  5 | NULL msg
(1 row)

--
-- Test 6: Multiple sequential autonomous calls
--
CREATE OR REPLACE PROCEDURE test_sequential(p_id INT) AS $$
PRAGMA AUTONOMOUS_TRANSACTION;
BEGIN
    INSERT INTO autonomous_test VALUES (p_id, 'sequential', 'committed');
END;
$$ LANGUAGE plisql;
/
COMMIT;
WARNING:  there is no transaction in progress
CALL test_sequential(6);
CALL test_sequential(7);
CALL test_sequential(8);
SELECT id, msg FROM autonomous_test WHERE id IN (6, 7, 8) ORDER BY id;
 id |    msg     
----+------------
  6 | sequential
  7 | sequential
  8 | sequential
(3 rows)

--
-- Test 7: Error handling - missing dblink should give clear error
--
-- Note: We can't actually test this because dblink is already installed,
-- but the error message would be:
-- ERROR: dblink_exec function not found
-- HINT: Install dblink extension: CREATE EXTENSION dblink
--
-- Test 8: Verify transaction isolation - autonomous changes persist
--
TRUNCATE autonomous_test;
CREATE OR REPLACE PROCEDURE test_persist(p_id INT) AS $$
PRAGMA AUTONOMOUS_TRANSACTION;
BEGIN
    INSERT INTO autonomous_test VALUES (p_id, 'should persist', 'committed');
END;
$$ LANGUAGE plisql;
/
COMMIT;
WARNING:  there is no transaction in progress
-- Outer transaction that will rollback
BEGIN;
    INSERT INTO autonomous_test VALUES (1000, 'will rollback', 'rolled back');
    CALL test_persist(2000);
    INSERT INTO autonomous_test VALUES (3000, 'will rollback', 'rolled back');
    -- Check within transaction - both should be visible
    SELECT COUNT(*) AS count_in_tx FROM autonomous_test;
 count_in_tx 
-------------
           3
(1 row)

ROLLBACK;
-- After rollback - only autonomous insert should remain
SELECT id, msg, tx_state FROM autonomous_test ORDER BY id;
  id  |      msg       | tx_state  
------+----------------+-----------
 2000 | should persist | committed
(1 row)

--
-- Test 9: Extension drop/recreate - verify OID invalidation works
--
CREATE OR REPLACE PROCEDURE test_oid_invalidation(p_id INT) AS $$
PRAGMA AUTONOMOUS_TRANSACTION;
BEGIN
    INSERT INTO autonomous_test VALUES (p_id, 'oid test', 'committed');
END;
$$ LANGUAGE plisql;
/
COMMIT;
WARNING:  there is no transaction in progress
-- Call once to cache the OID
CALL test_oid_invalidation(9);
-- Drop and recreate dblink extension (OID will change)
DROP EXTENSION dblink CASCADE;
CREATE EXTENSION dblink;
-- Call again - should work with new OID (tests invalidation callback)
CALL test_oid_invalidation(10);
-- Verify both calls succeeded
SELECT id, msg FROM autonomous_test WHERE id IN (9, 10) ORDER BY id;
 id |   msg    
----+----------
  9 | oid test
 10 | oid test
(2 rows)

--
-- Test 10: Autonomous function with return value
--
CREATE OR REPLACE FUNCTION test_function_return(p_input INT) RETURN INT AS $$
DECLARE
    PRAGMA AUTONOMOUS_TRANSACTION;
    v_result INT;
BEGIN
    v_result := p_input * 2;
    INSERT INTO autonomous_test VALUES (p_input, 'function test', 'committed');
    RETURN v_result;
END;
$$ LANGUAGE plisql;
/
COMMIT;
WARNING:  there is no transaction in progress
-- Call function and verify return value
SELECT test_function_return(50) AS doubled_value;
 doubled_value 
---------------
           100
(1 row)

-- Verify the function also did the insert
SELECT id, msg FROM autonomous_test WHERE id = 50;
 id |      msg      
----+---------------
 50 | function test
(1 row)

--
-- Test 11: Autonomous function with NULL return
--
CREATE OR REPLACE FUNCTION test_function_null() RETURN TEXT AS $$
DECLARE
    PRAGMA AUTONOMOUS_TRANSACTION;
BEGIN
    INSERT INTO autonomous_test VALUES (51, 'null return test', 'committed');
    RETURN NULL;
END;
$$ LANGUAGE plisql;
/
COMMIT;
WARNING:  there is no transaction in progress
SELECT test_function_null() AS null_result;
 null_result 
-------------
 
(1 row)

SELECT id, msg FROM autonomous_test WHERE id = 51;
 id |       msg        
----+------------------
 51 | null return test
(1 row)

--
-- Test 12: Explicit COMMIT in autonomous transaction (EXPECTED TO FAIL)
-- Reference: https://github.com/IvorySQL/IvorySQL/issues/985
-- PL/iSQL does not support COMMIT/ROLLBACK in procedures
--
/*
CREATE OR REPLACE PROCEDURE test_explicit_commit(p_id INT) AS
DECLARE
    PRAGMA AUTONOMOUS_TRANSACTION;
BEGIN
    INSERT INTO autonomous_test VALUES (p_id, 'explicit commit', 'committed');
    COMMIT;  -- Would fail: ERROR: invalid transaction termination
END;
/

CALL test_explicit_commit(60);
*/
--
-- Test 13: Explicit ROLLBACK in autonomous transaction (EXPECTED TO FAIL)
-- Reference: https://github.com/IvorySQL/IvorySQL/issues/985
-- PL/iSQL does not support COMMIT/ROLLBACK in procedures
--
/*
CREATE OR REPLACE PROCEDURE test_explicit_rollback(p_id INT) AS
DECLARE
    PRAGMA AUTONOMOUS_TRANSACTION;
BEGIN
    INSERT INTO autonomous_test VALUES (p_id, 'should rollback', 'rolled back');
    ROLLBACK;  -- Would fail: ERROR: invalid transaction termination
    INSERT INTO autonomous_test VALUES (p_id + 1, 'after rollback', 'committed');
END;
/

CALL test_explicit_rollback(70);
-- Expected: id=71 survives, id=70 rolled back (if it worked)
-- Actual: ERROR: invalid transaction termination
*/
--
-- Test 14: Conditional transaction control (EXPECTED TO FAIL)
-- Reference: https://github.com/IvorySQL/IvorySQL/issues/985
-- This pattern is common in Oracle but not supported in PL/iSQL
--
/*
CREATE OR REPLACE PROCEDURE test_conditional_tx(p_id INT, p_should_commit BOOLEAN) AS
DECLARE
    PRAGMA AUTONOMOUS_TRANSACTION;
BEGIN
    INSERT INTO autonomous_test VALUES (p_id, 'conditional', 'unknown');

    IF p_should_commit THEN
        COMMIT;  -- Would fail: ERROR: invalid transaction termination
    ELSE
        ROLLBACK;  -- Would fail: ERROR: invalid transaction termination
    END IF;
END;
/

CALL test_conditional_tx(80, true);
CALL test_conditional_tx(81, false);
*/
--
-- Test 15: Error handling in autonomous function (triggers SPI error recovery)
--
CREATE OR REPLACE FUNCTION test_function_error() RETURN INT AS
DECLARE
    PRAGMA AUTONOMOUS_TRANSACTION;
BEGIN
    -- This will fail because nonexistent_table doesn't exist
    -- Tests PG_CATCH cleanup (pfree and SPI_finish)
    INSERT INTO nonexistent_table VALUES (999);
    RETURN 1;
END;
/
COMMIT;
WARNING:  there is no transaction in progress
-- This should fail gracefully with proper error message
-- \set ON_ERROR_STOP off
SELECT test_function_error();
ERROR:  relation "nonexistent_table" does not exist
CONTEXT:  PL/iSQL function test_function_error() line 6 at SQL statement
while executing query on unnamed dblink connection
SQL statement "SELECT * FROM dblink('dbname=''pl_regression'' port=58928', 'SET ivorysql.compatible_mode = oracle; SET plisql.inside_autonomous_transaction = true; SELECT public.test_function_error();') AS t(result pg_catalog.int4)"
PL/iSQL function test_function_error() during function entry
-- \set ON_ERROR_STOP on
--
-- Test 16: Function with pass-by-reference return type
-- Tests datumCopy() for complex types
--
CREATE OR REPLACE FUNCTION test_function_text(p_prefix TEXT) RETURN TEXT AS
DECLARE
    PRAGMA AUTONOMOUS_TRANSACTION;
    v_result TEXT;
BEGIN
    v_result := p_prefix || ' - processed';
    INSERT INTO autonomous_test VALUES (52, v_result, 'committed');
    RETURN v_result;
END;
/
COMMIT;
WARNING:  there is no transaction in progress
SELECT test_function_text('test data') AS text_result;
      text_result      
-----------------------
 test data - processed
(1 row)

SELECT id, msg FROM autonomous_test WHERE id = 52;
 id |          msg          
----+-----------------------
 52 | test data - processed
(1 row)

--
-- Test 17: Nested autonomous function calls
-- Tests multiple SPI contexts
--
CREATE OR REPLACE FUNCTION inner_function(p_value INT) RETURN INT AS
DECLARE
    PRAGMA AUTONOMOUS_TRANSACTION;
BEGIN
    INSERT INTO autonomous_test VALUES (p_value, 'inner function', 'committed');
    RETURN p_value + 10;
END;
/
CREATE OR REPLACE FUNCTION outer_function(p_value INT) RETURN INT AS
DECLARE
    PRAGMA AUTONOMOUS_TRANSACTION;
    v_inner_result INT;
BEGIN
    INSERT INTO autonomous_test VALUES (p_value, 'outer function', 'committed');
    v_inner_result := inner_function(p_value + 100);
    RETURN v_inner_result + 5;
END;
/
COMMIT;
WARNING:  there is no transaction in progress
-- Should insert at id=60 (outer) and id=160 (inner), return 175 (160+10+5)
SELECT outer_function(60) AS nested_result;
 nested_result 
---------------
           175
(1 row)

SELECT id, msg FROM autonomous_test WHERE id IN (60, 160) ORDER BY id;
 id  |      msg       
-----+----------------
  60 | outer function
 160 | inner function
(2 rows)

--
-- Test 18: Function returning NUMERIC (pass-by-reference, variable length)
-- Tests datumCopy() with NUMERIC type
--
CREATE OR REPLACE FUNCTION test_function_numeric(p_amount NUMERIC) RETURN NUMERIC AS
DECLARE
    PRAGMA AUTONOMOUS_TRANSACTION;
    v_result NUMERIC;
BEGIN
    v_result := p_amount * 1.15;  -- Add 15% tax
    INSERT INTO autonomous_test VALUES (53, 'numeric: ' || v_result::TEXT, 'committed');
    RETURN v_result;
END;
/
COMMIT;
WARNING:  there is no transaction in progress
SELECT test_function_numeric(100.50) AS numeric_result;
 numeric_result 
----------------
       115.5750
(1 row)

SELECT id, msg FROM autonomous_test WHERE id = 53;
 id |        msg        
----+-------------------
 53 | numeric: 115.5750
(1 row)

--
-- Test 19: Function returning DATE (pass-by-value)
-- Tests date type handling
--
CREATE OR REPLACE FUNCTION test_function_date(p_base_date DATE, p_days_offset INT) RETURN DATE AS
DECLARE
    PRAGMA AUTONOMOUS_TRANSACTION;
    v_result DATE;
BEGIN
    v_result := p_base_date + p_days_offset;
    INSERT INTO autonomous_test VALUES (54, 'date: ' || v_result::TEXT, 'committed');
    RETURN v_result;
END;
/
COMMIT;
WARNING:  there is no transaction in progress
-- Returns date 7 days from base date (using fixed date for deterministic test)
SELECT test_function_date('2025-01-01'::DATE, 7) AS date_result;
 date_result 
-------------
 2025-01-08
(1 row)

SELECT id, msg FROM autonomous_test WHERE id = 54;
 id |       msg        
----+------------------
 54 | date: 2025-01-08
(1 row)

--
-- Test 20: Function returning BOOLEAN (pass-by-value)
-- Tests boolean type handling
--
CREATE OR REPLACE FUNCTION test_function_boolean(p_value INT) RETURN BOOLEAN AS
DECLARE
    PRAGMA AUTONOMOUS_TRANSACTION;
    v_result BOOLEAN;
BEGIN
    v_result := (p_value > 50);
    INSERT INTO autonomous_test VALUES (55, 'boolean: ' || v_result::TEXT, 'committed');
    RETURN v_result;
END;
/
COMMIT;
WARNING:  there is no transaction in progress
SELECT test_function_boolean(75) AS bool_true_result;
 bool_true_result 
------------------
 t
(1 row)

SELECT test_function_boolean(25) AS bool_false_result;
 bool_false_result 
-------------------
 f
(1 row)

SELECT id, msg FROM autonomous_test WHERE id = 55 ORDER BY id;
 id |      msg       
----+----------------
 55 | boolean: true
 55 | boolean: false
(2 rows)

--
-- Test 21: Autonomous transaction in package procedure
-- Tests that PRAGMA AUTONOMOUS_TRANSACTION works inside package bodies
--
CREATE OR REPLACE PACKAGE test_pkg AUTHID DEFINER AS
  PROCEDURE pkg_test_with_params(p_id INT, p_msg TEXT);
END;
/
CREATE OR REPLACE PACKAGE BODY test_pkg AS
  PROCEDURE pkg_test_with_params(p_id INT, p_msg TEXT) AS
    PRAGMA AUTONOMOUS_TRANSACTION;
  BEGIN
    INSERT INTO autonomous_test VALUES (p_id, p_msg, 'committed');
  END pkg_test_with_params;
END test_pkg;
/
COMMIT;
WARNING:  there is no transaction in progress
CALL test_pkg.pkg_test_with_params(76, 'package procedure test');
SELECT id, msg FROM autonomous_test WHERE id = 76;
 id |          msg           
----+------------------------
 76 | package procedure test
(1 row)

--
-- Summary: Show all test results
--
SELECT 'All autonomous transaction tests completed' AS status;
                   status                   
--------------------------------------------
 All autonomous transaction tests completed
(1 row)

-- Cleanup
DROP PROCEDURE test_basic();
DROP PROCEDURE test_with_params(INT, TEXT);
DROP PROCEDURE test_isolation(INT);
DROP PROCEDURE test_multi_types(INT, TEXT, BOOLEAN);
DROP PROCEDURE test_nulls(INT, TEXT);
DROP PROCEDURE test_sequential(INT);
DROP PROCEDURE test_persist(INT);
DROP PROCEDURE test_oid_invalidation(INT);
DROP FUNCTION test_function_return(INT);
DROP FUNCTION test_function_null();
DROP FUNCTION test_function_error();
DROP FUNCTION test_function_text(TEXT);
DROP FUNCTION inner_function(INT);
DROP FUNCTION outer_function(INT);
DROP FUNCTION test_function_numeric(NUMERIC);
DROP FUNCTION test_function_date(DATE, INT);
DROP FUNCTION test_function_boolean(INT);
DROP PACKAGE BODY test_pkg;
DROP PACKAGE test_pkg;
DROP TABLE autonomous_test;
