CREATE EXTENSION pg_get_functiondef;
SELECT pg_get_functiondef(1, 2, 3);
                            pg_get_functiondef                            
--------------------------------------------------------------------------
 (1,"")
 (2,"")
 (3,"CREATE OR REPLACE FUNCTION pg_catalog.heap_tableam_handler(internal)+
  RETURNS table_am_handler                                               +
  LANGUAGE internal                                                      +
  PARALLEL SAFE STRICT                                                   +
 AS $function$heap_tableam_handler$function$                             +
 ")
(3 rows)

SELECT * FROM pg_get_functiondef(1, 2, 3);
 oid |                          pg_get_functiondef                          
-----+----------------------------------------------------------------------
   1 | 
   2 | 
   3 | CREATE OR REPLACE FUNCTION pg_catalog.heap_tableam_handler(internal)+
     |  RETURNS table_am_handler                                           +
     |  LANGUAGE internal                                                  +
     |  PARALLEL SAFE STRICT                                               +
     | AS $function$heap_tableam_handler$function$                         +
     | 
(3 rows)

SELECT pg_get_functiondef('sum');
                  pg_get_functiondef                   
-------------------------------------------------------
 (sum,"/* Not support aggregate function, oid: 2107 */+
 /* Not support aggregate function, oid: 2109 */      +
 /* Not support aggregate function, oid: 2108 */      +
 /* Not support aggregate function, oid: 2110 */      +
 /* Not support aggregate function, oid: 2111 */      +
 /* Not support aggregate function, oid: 2112 */      +
 /* Not support aggregate function, oid: 2113 */      +
 /* Not support aggregate function, oid: 2114 */      +
 /* Not support aggregate function, oid: 16133 */     +
 ")
(1 row)

SELECT * FROM pg_get_functiondef('sum');
 name |                pg_get_functiondef                
------+--------------------------------------------------
 sum  | /* Not support aggregate function, oid: 2107 */ +
      | /* Not support aggregate function, oid: 2109 */ +
      | /* Not support aggregate function, oid: 2108 */ +
      | /* Not support aggregate function, oid: 2110 */ +
      | /* Not support aggregate function, oid: 2111 */ +
      | /* Not support aggregate function, oid: 2112 */ +
      | /* Not support aggregate function, oid: 2113 */ +
      | /* Not support aggregate function, oid: 2114 */ +
      | /* Not support aggregate function, oid: 16133 */+
      | 
(1 row)

SELECT pg_get_functiondef('pg_get_functiondef');
                            pg_get_functiondef                             
---------------------------------------------------------------------------
 (pg_get_functiondef,"/* oid: 16702 */                                    +
 CREATE OR REPLACE FUNCTION public.pg_get_functiondef()                   +
  RETURNS cstring                                                         +
  LANGUAGE c                                                              +
 AS 'pg_get_functiondef', $function$pg_get_functiondef_no_input$function$ +
 /* oid: 2098 */                                                          +
 CREATE OR REPLACE FUNCTION pg_catalog.pg_get_functiondef(oid)            +
  RETURNS text                                                            +
  LANGUAGE internal                                                       +
  STABLE PARALLEL SAFE STRICT                                             +
 AS $function$pg_get_functiondef$function$                                +
 /* oid: 16704 */                                                         +
 CREATE OR REPLACE FUNCTION public.pg_get_functiondef(VARIADIC text[])    +
  RETURNS TABLE(name cstring, pg_get_functiondef cstring)                 +
  LANGUAGE c                                                              +
 AS 'pg_get_functiondef', $function$pg_get_functiondef_extend$function$   +
 /* oid: 16703 */                                                         +
 CREATE OR REPLACE FUNCTION public.pg_get_functiondef(oid, VARIADIC oid[])+
  RETURNS TABLE(oid oid, pg_get_functiondef cstring)                      +
  LANGUAGE c                                                              +
 AS 'pg_get_functiondef', $function$pg_get_functiondef_mul$function$      +
 ")
(1 row)

SELECT * FROM pg_get_functiondef('pg_get_functiondef');
        name        |                            pg_get_functiondef                             
--------------------+---------------------------------------------------------------------------
 pg_get_functiondef | /* oid: 16702 */                                                         +
                    | CREATE OR REPLACE FUNCTION public.pg_get_functiondef()                   +
                    |  RETURNS cstring                                                         +
                    |  LANGUAGE c                                                              +
                    | AS 'pg_get_functiondef', $function$pg_get_functiondef_no_input$function$ +
                    | /* oid: 2098 */                                                          +
                    | CREATE OR REPLACE FUNCTION pg_catalog.pg_get_functiondef(oid)            +
                    |  RETURNS text                                                            +
                    |  LANGUAGE internal                                                       +
                    |  STABLE PARALLEL SAFE STRICT                                             +
                    | AS $function$pg_get_functiondef$function$                                +
                    | /* oid: 16704 */                                                         +
                    | CREATE OR REPLACE FUNCTION public.pg_get_functiondef(VARIADIC text[])    +
                    |  RETURNS TABLE(name cstring, pg_get_functiondef cstring)                 +
                    |  LANGUAGE c                                                              +
                    | AS 'pg_get_functiondef', $function$pg_get_functiondef_extend$function$   +
                    | /* oid: 16703 */                                                         +
                    | CREATE OR REPLACE FUNCTION public.pg_get_functiondef(oid, VARIADIC oid[])+
                    |  RETURNS TABLE(oid oid, pg_get_functiondef cstring)                      +
                    |  LANGUAGE c                                                              +
                    | AS 'pg_get_functiondef', $function$pg_get_functiondef_mul$function$      +
                    | 
(1 row)

SELECT pg_get_functiondef('char_length', 'substring');
                              pg_get_functiondef                              
------------------------------------------------------------------------------
 (char_length,"/* oid: 1381 */                                               +
 CREATE OR REPLACE FUNCTION pg_catalog.char_length(text)                     +
  RETURNS integer                                                            +
  LANGUAGE internal                                                          +
  IMMUTABLE PARALLEL SAFE STRICT                                             +
 AS $function$textlen$function$                                              +
 /* oid: 1372 */                                                             +
 CREATE OR REPLACE FUNCTION pg_catalog.char_length(character)                +
  RETURNS integer                                                            +
  LANGUAGE internal                                                          +
  IMMUTABLE PARALLEL SAFE STRICT                                             +
 AS $function$bpcharlen$function$                                            +
 ")
 (substring,"/* oid: 2013 */                                                 +
 CREATE OR REPLACE FUNCTION pg_catalog.""substring""(bytea, integer)         +
  RETURNS bytea                                                              +
  LANGUAGE internal                                                          +
  IMMUTABLE PARALLEL SAFE STRICT                                             +
 AS $function$bytea_substr_no_len$function$                                  +
 /* oid: 937 */                                                              +
 CREATE OR REPLACE FUNCTION pg_catalog.""substring""(text, integer)          +
  RETURNS text                                                               +
  LANGUAGE internal                                                          +
  IMMUTABLE PARALLEL SAFE STRICT                                             +
 AS $function$text_substr_no_len$function$                                   +
 /* oid: 2073 */                                                             +
 CREATE OR REPLACE FUNCTION pg_catalog.""substring""(text, text)             +
  RETURNS text                                                               +
  LANGUAGE internal                                                          +
  IMMUTABLE PARALLEL SAFE STRICT                                             +
 AS $function$textregexsubstr$function$                                      +
 /* oid: 1699 */                                                             +
 CREATE OR REPLACE FUNCTION pg_catalog.""substring""(bit, integer)           +
  RETURNS bit                                                                +
  LANGUAGE internal                                                          +
  IMMUTABLE PARALLEL SAFE STRICT                                             +
 AS $function$bitsubstr_no_len$function$                                     +
 /* oid: 2012 */                                                             +
 CREATE OR REPLACE FUNCTION pg_catalog.""substring""(bytea, integer, integer)+
  RETURNS bytea                                                              +
  LANGUAGE internal                                                          +
  IMMUTABLE PARALLEL SAFE STRICT                                             +
 AS $function$bytea_substr$function$                                         +
 /* oid: 936 */                                                              +
 CREATE OR REPLACE FUNCTION pg_catalog.""substring""(text, integer, integer) +
  RETURNS text                                                               +
  LANGUAGE internal                                                          +
  IMMUTABLE PARALLEL SAFE STRICT                                             +
 AS $function$text_substr$function$                                          +
 /* oid: 2074 */                                                             +
 CREATE OR REPLACE FUNCTION pg_catalog.""substring""(text, text, text)       +
  RETURNS text                                                               +
  LANGUAGE sql                                                               +
  IMMUTABLE PARALLEL SAFE STRICT COST 1                                      +
 RETURN ""substring""($1, similar_to_escape($2, $3))                         +
 /* oid: 1680 */                                                             +
 CREATE OR REPLACE FUNCTION pg_catalog.""substring""(bit, integer, integer)  +
  RETURNS bit                                                                +
  LANGUAGE internal                                                          +
  IMMUTABLE PARALLEL SAFE STRICT                                             +
 AS $function$bitsubstr$function$                                            +
 ")
(2 rows)

SELECT * FROM pg_get_functiondef('char_length', 'substring');
    name     |                             pg_get_functiondef                             
-------------+----------------------------------------------------------------------------
 char_length | /* oid: 1381 */                                                           +
             | CREATE OR REPLACE FUNCTION pg_catalog.char_length(text)                   +
             |  RETURNS integer                                                          +
             |  LANGUAGE internal                                                        +
             |  IMMUTABLE PARALLEL SAFE STRICT                                           +
             | AS $function$textlen$function$                                            +
             | /* oid: 1372 */                                                           +
             | CREATE OR REPLACE FUNCTION pg_catalog.char_length(character)              +
             |  RETURNS integer                                                          +
             |  LANGUAGE internal                                                        +
             |  IMMUTABLE PARALLEL SAFE STRICT                                           +
             | AS $function$bpcharlen$function$                                          +
             | 
 substring   | /* oid: 2013 */                                                           +
             | CREATE OR REPLACE FUNCTION pg_catalog."substring"(bytea, integer)         +
             |  RETURNS bytea                                                            +
             |  LANGUAGE internal                                                        +
             |  IMMUTABLE PARALLEL SAFE STRICT                                           +
             | AS $function$bytea_substr_no_len$function$                                +
             | /* oid: 937 */                                                            +
             | CREATE OR REPLACE FUNCTION pg_catalog."substring"(text, integer)          +
             |  RETURNS text                                                             +
             |  LANGUAGE internal                                                        +
             |  IMMUTABLE PARALLEL SAFE STRICT                                           +
             | AS $function$text_substr_no_len$function$                                 +
             | /* oid: 2073 */                                                           +
             | CREATE OR REPLACE FUNCTION pg_catalog."substring"(text, text)             +
             |  RETURNS text                                                             +
             |  LANGUAGE internal                                                        +
             |  IMMUTABLE PARALLEL SAFE STRICT                                           +
             | AS $function$textregexsubstr$function$                                    +
             | /* oid: 1699 */                                                           +
             | CREATE OR REPLACE FUNCTION pg_catalog."substring"(bit, integer)           +
             |  RETURNS bit                                                              +
             |  LANGUAGE internal                                                        +
             |  IMMUTABLE PARALLEL SAFE STRICT                                           +
             | AS $function$bitsubstr_no_len$function$                                   +
             | /* oid: 2012 */                                                           +
             | CREATE OR REPLACE FUNCTION pg_catalog."substring"(bytea, integer, integer)+
             |  RETURNS bytea                                                            +
             |  LANGUAGE internal                                                        +
             |  IMMUTABLE PARALLEL SAFE STRICT                                           +
             | AS $function$bytea_substr$function$                                       +
             | /* oid: 936 */                                                            +
             | CREATE OR REPLACE FUNCTION pg_catalog."substring"(text, integer, integer) +
             |  RETURNS text                                                             +
             |  LANGUAGE internal                                                        +
             |  IMMUTABLE PARALLEL SAFE STRICT                                           +
             | AS $function$text_substr$function$                                        +
             | /* oid: 2074 */                                                           +
             | CREATE OR REPLACE FUNCTION pg_catalog."substring"(text, text, text)       +
             |  RETURNS text                                                             +
             |  LANGUAGE sql                                                             +
             |  IMMUTABLE PARALLEL SAFE STRICT COST 1                                    +
             | RETURN "substring"($1, similar_to_escape($2, $3))                         +
             | /* oid: 1680 */                                                           +
             | CREATE OR REPLACE FUNCTION pg_catalog."substring"(bit, integer, integer)  +
             |  RETURNS bit                                                              +
             |  LANGUAGE internal                                                        +
             |  IMMUTABLE PARALLEL SAFE STRICT                                           +
             | AS $function$bitsubstr$function$                                          +
             | 
(2 rows)
DROP EXTENSION pg_get_functiondef;