CREATE EXTENSION pg_get_functiondef;
SELECT pg_get_functiondef(1, 2, 3);
                            pg_get_functiondef                            
--------------------------------------------------------------------------
 (1,"")
 (2,"")
 (3,"CREATE OR REPLACE FUNCTION pg_catalog.heap_tableam_handler(internal)+
  RETURNS table_am_handler                                               +
  LANGUAGE internal                                                      +
  PARALLEL SAFE STRICT                                                   +
 AS $function$heap_tableam_handler$function$                             +
 ")
(3 rows)

SELECT * FROM pg_get_functiondef(1, 2, 3);
 oid |                          pg_get_functiondef                          
-----+----------------------------------------------------------------------
   1 | 
   2 | 
   3 | CREATE OR REPLACE FUNCTION pg_catalog.heap_tableam_handler(internal)+
     |  RETURNS table_am_handler                                           +
     |  LANGUAGE internal                                                  +
     |  PARALLEL SAFE STRICT                                               +
     | AS $function$heap_tableam_handler$function$                         +
     | 
(3 rows)

SELECT pg_get_functiondef('char_length', 'substring');
                                          pg_get_functiondef                                           
-------------------------------------------------------------------------------------------------------
 (char_length,"/* oid: 1381 */                                                                        +
 CREATE OR REPLACE FUNCTION pg_catalog.char_length(text)                                              +
  RETURNS pg_catalog.int4                                                                             +
  LANGUAGE internal                                                                                   +
  IMMUTABLE PARALLEL SAFE STRICT                                                                      +
 AS $function$textlen$function$                                                                       +
 /* oid: 1372 */                                                                                      +
 CREATE OR REPLACE FUNCTION pg_catalog.char_length(pg_catalog.bpchar)                                 +
  RETURNS pg_catalog.int4                                                                             +
  LANGUAGE internal                                                                                   +
  IMMUTABLE PARALLEL SAFE STRICT                                                                      +
 AS $function$bpcharlen$function$                                                                     +
 ")
 (substring,"/* oid: 2013 */                                                                          +
 CREATE OR REPLACE FUNCTION pg_catalog.""substring""(bytea, pg_catalog.int4)                          +
  RETURNS bytea                                                                                       +
  LANGUAGE internal                                                                                   +
  IMMUTABLE PARALLEL SAFE STRICT                                                                      +
 AS $function$bytea_substr_no_len$function$                                                           +
 /* oid: 937 */                                                                                       +
 CREATE OR REPLACE FUNCTION pg_catalog.""substring""(text, pg_catalog.int4)                           +
  RETURNS text                                                                                        +
  LANGUAGE internal                                                                                   +
  IMMUTABLE PARALLEL SAFE STRICT                                                                      +
 AS $function$text_substr_no_len$function$                                                            +
 /* oid: 2073 */                                                                                      +
 CREATE OR REPLACE FUNCTION pg_catalog.""substring""(text, text)                                      +
  RETURNS text                                                                                        +
  LANGUAGE internal                                                                                   +
  IMMUTABLE PARALLEL SAFE STRICT                                                                      +
 AS $function$textregexsubstr$function$                                                               +
 /* oid: 1699 */                                                                                      +
 CREATE OR REPLACE FUNCTION pg_catalog.""substring""(pg_catalog.bit, pg_catalog.int4)                 +
  RETURNS pg_catalog.bit                                                                              +
  LANGUAGE internal                                                                                   +
  IMMUTABLE PARALLEL SAFE STRICT                                                                      +
 AS $function$bitsubstr_no_len$function$                                                              +
 /* oid: 2012 */                                                                                      +
 CREATE OR REPLACE FUNCTION pg_catalog.""substring""(bytea, pg_catalog.int4, pg_catalog.int4)         +
  RETURNS bytea                                                                                       +
  LANGUAGE internal                                                                                   +
  IMMUTABLE PARALLEL SAFE STRICT                                                                      +
 AS $function$bytea_substr$function$                                                                  +
 /* oid: 936 */                                                                                       +
 CREATE OR REPLACE FUNCTION pg_catalog.""substring""(text, pg_catalog.int4, pg_catalog.int4)          +
  RETURNS text                                                                                        +
  LANGUAGE internal                                                                                   +
  IMMUTABLE PARALLEL SAFE STRICT                                                                      +
 AS $function$text_substr$function$                                                                   +
 /* oid: 2074 */                                                                                      +
 CREATE OR REPLACE FUNCTION pg_catalog.""substring""(text, text, text)                                +
  RETURNS text                                                                                        +
  LANGUAGE sql                                                                                        +
  IMMUTABLE PARALLEL SAFE STRICT COST 1                                                               +
 RETURN ""substring""($1, similar_to_escape($2, $3))                                                  +
 /* oid: 1680 */                                                                                      +
 CREATE OR REPLACE FUNCTION pg_catalog.""substring""(pg_catalog.bit, pg_catalog.int4, pg_catalog.int4)+
  RETURNS pg_catalog.bit                                                                              +
  LANGUAGE internal                                                                                   +
  IMMUTABLE PARALLEL SAFE STRICT                                                                      +
 AS $function$bitsubstr$function$                                                                     +
 ")
(2 rows)

DROP EXTENSION pg_get_functiondef;
