--
-- ora_ascii.sql: test ASCII function
--
--
select ascii(321) from dual;
 ascii 
-------
    51
(1 row)

select ascii(213.3f) from dual;
 ascii 
-------
    50
(1 row)

select ascii(123.4d) from dual;
 ascii 
-------
    49
(1 row)

select ascii('abc') from dual;
 ascii 
-------
    97
(1 row)

select ascii('xyz') from dual;
 ascii 
-------
   120
(1 row)

set nls_date_format='DD-MON-YYYY HH24:MI:SS';
select ascii('01-JAN-2026 01:02:03') from dual;
 ascii 
-------
    48
(1 row)

set nls_timestamp_format='DD-MON-YYYY HH24:MI:SS.FF6';
select ascii('11-JAN-2026 01:02:03.00') from dual;
 ascii 
-------
    49
(1 row)

set nls_timestamp_tz_format='DD-MON-YYYY HH24:MI:SS TZH:TZM';
select ascii('22-JAN-2026 01:02:03.00 +01:00') from dual;
 ascii 
-------
    50
(1 row)

