-- compatible_mode
SET IVORYSQL.COMPATIBLE_MODE TO ORACLE;
SHOW IVORYSQL.COMPATIBLE_MODE;
 ivorysql.compatible_mode 
--------------------------
 oracle
(1 row)

SET IVORYSQL.IDENTIFIER_CASE_SWITCH = INTERCHANGE;
SHOW IVORYSQL.IDENTIFIER_CASE_SWITCH;
 ivorysql.identifier_case_switch 
---------------------------------
 interchange
(1 row)

-- create a procedure
CREATE TABLE TB_TODEL(ID INT);
CREATE OR REPLACE PROCEDURE PROC_DEL_TB(I INT) IS
BEGIN
	DROP TABLE TB_TODEL;
END;
/
-- create a function with security definer
CREATE OR REPLACE FUNCTION FUNC_AUTHID(P VARCHAR2)
RETURN INT DETERMINISTIC IS
BEGIN
	RETURN 123;
END;
/
-- select ... from all_procedures
SELECT OBJECT_NAME, OBJECT_TYPE, DETERMINISTIC, PARALLEL, AUTHID
FROM ALL_PROCEDURES
WHERE OBJECT_NAME = 'PROC_DEL_TB' OR OBJECT_NAME = 'FUNC_AUTHID';
 object_name | object_type | deterministic | parallel | authid  
-------------+-------------+---------------+----------+---------
 PROC_DEL_TB | PROCEDURE   | NO            | NO       | DEFINER
 FUNC_AUTHID | FUNCTION    | YES           | NO       | DEFINER
(2 rows)

-- create a function with all-lowercase name
CREATE OR REPLACE FUNCTION "func_quotes_lower"(ID INT)
RETURN VARCHAR2 IS
BEGIN
	RETURN 'func_quotes_lower'::VARCHAR2;
END;
/
-- select ... from all_source
SELECT NAME, LINE, TEXT FROM ALL_SOURCE WHERE NAME = 'func_quotes_lower';
       name        | line |                          text                           
-------------------+------+---------------------------------------------------------
 func_quotes_lower | 1    | FUNCTION public."FUNC_QUOTES_LOWER"(id pg_catalog.int4)
 func_quotes_lower | 2    |  RETURN varchar2
 func_quotes_lower | 3    |  AUTHID DEFINER
 func_quotes_lower |      | IS 
 func_quotes_lower |      | BEGIN
 func_quotes_lower |      |         RETURN 'func_quotes_lower'::VARCHAR2;
 func_quotes_lower |      | END;
(7 rows)

-- data_type and pls_type in all_arguments
CREATE OR REPLACE FUNCTION FUNC_22_ARG_TYPES
(
	T1 CHAR, T2 NCHAR, T3 VARCHAR2, T4 INTEGER, T5 NUMBER, T6 NUMERIC,
	T7 BINARY_FLOAT, T8 BINARY_DOUBLE, T9 REAL, T10 FLOAT, T11 DOUBLE PRECISION,
	T12 DATE, T13 TIMESTAMP, T14 TIMESTAMP WITH TIME ZONE,
	T15 TIMESTAMP WITH LOCAL TIME ZONE,
	T16 CLOB, T17 BLOB, T18 NCLOB, T19 LONG, T20 LONG RAW, T21 BOOLEAN
)
RETURN RAW IS
BEGIN
	RETURN CAST('FUNC_22_ARG_TYPES' AS RAW);
END;
/
-- select ... from all_arguments
SELECT
	ARGUMENT_NAME || ',' || POSITION || ',' || SEQUENCE || ',' || 
	IN_OUT || ',' || DATA_TYPE || ',' || PLS_TYPE
FROM ALL_ARGUMENTS WHERE OBJECT_NAME = 'FUNC_22_ARG_TYPES'
ORDER BY OBJECT_ID, POSITION;
                                  ?column?                                  
----------------------------------------------------------------------------
 ,0,1,OUT,RAW,RAW
 T1,1,2,IN,CHAR,CHAR
 T2,2,3,IN,CHAR,CHAR
 T3,3,4,IN,VARCHAR2,VARCHAR2
 T4,4,5,IN,NUMBER,PG_CATALOG.INT4
 T5,5,6,IN,NUMBER,NUMBER
 T6,6,7,IN,NUMBER,PG_CATALOG.NUMERIC
 T7,7,8,IN,BINARY_FLOAT,BINARY_FLOAT
 T8,8,9,IN,BINARY_DOUBLE,BINARY_DOUBLE
 T9,9,10,IN,FLOAT,PG_CATALOG.FLOAT4
 T10,10,11,IN,FLOAT,PG_CATALOG.FLOAT8
 T11,11,12,IN,FLOAT,PG_CATALOG.FLOAT8
 T12,12,13,IN,DATE,DATE
 T13,13,14,IN,TIMESTAMP,TIMESTAMP
 T14,14,15,IN,TIMESTAMP WITH TIME ZONE,TIMESTAMP WITH TIME ZONE
 T15,15,16,IN,TIMESTAMP WITH LOCAL TIME ZONE,TIMESTAMP WITH LOCAL TIME ZONE
 T16,16,17,IN,CLOB,CLOB
 T17,17,18,IN,BLOB,BLOB
 T18,18,19,IN,NCLOB,CLOB
 T19,19,20,IN,LONG,LONG
 T20,20,21,IN,LONG_RAW,LONG_RAW
 T21,21,22,IN,PG_CATALOG.BOOL,PG_CATALOG.BOOL
(22 rows)

-- clean data
DROP TABLE IF EXISTS TB_TODEL;
DROP PROCEDURE IF EXISTS PROC_DEL_TB;
DROP FUNCTION IF EXISTS FUNC_AUTHID;
DROP FUNCTION IF EXISTS "func_quotes_lower";
DROP FUNCTION IF EXISTS FUNC_22_ARG_TYPES;
-- create a function with arguments defaulted
CREATE OR REPLACE FUNCTION FUNC_WITH_DEFAULT
(
	ARG1 IN INT DEFAULT 10,
	ARG2 OUT INT,
	ARG3 IN OUT INT,
	ARG4 IN VARCHAR2(10) DEFAULT NULL
)
RETURN void IS
BEGIN
	ARG2 := ARG1 + 10;
	ARG3 := ARG1 / 2;
END;
/
-- check arguments with default value
SELECT ARGUMENT_NAME, IN_OUT, POSITION, DEFAULTED FROM ALL_ARGUMENTS
WHERE OBJECT_NAME = 'FUNC_WITH_DEFAULT';
 argument_name | in_out | position | defaulted 
---------------+--------+----------+-----------
               | OUT    | 0        | N
 ARG1          | IN     | 1        | Y
 ARG2          | OUT    | 2        | N
 ARG3          | IN/OUT | 3        | Y
 ARG4          | IN     | 4        | Y
(5 rows)

-- clean data
DROP FUNCTION IF EXISTS FUNC_WITH_DEFAULT;
-- Oracle dynamic views
\d SYS.V$SESSION
                            View "sys.v$session"
      Column       |          Type          | Collation | Nullable | Default 
-------------------+------------------------+-----------+----------+---------
 sid               | number                 |           |          | 
 username          | varchar2(128)          | C         |          | 
 status            | varchar2(40)           |           |          | 
 machine           | varchar2(128)          |           |          | 
 program           | varchar2(256)          |           |          | 
 type              | varchar2(30)           |           |          | 
 logon_time        | pg_catalog.timestamptz |           |          | 
 sql_exec_start    | pg_catalog.timestamptz |           |          | 
 sql_id            | varchar2(19)           |           |          | 
 sql_text          | varchar2(4000)         |           |          | 
 blocking_session  | number                 |           |          | 
 event             | varchar2(64)           |           |          | 
 wait_class        | varchar2(64)           |           |          | 
 transaction_start | pg_catalog.timestamptz |           |          | 
 port              | number                 |           |          | 

\d SYS.V$PROCESS
                    View "sys.v$process"
   Column   |     Type      | Collation | Nullable | Default 
------------+---------------+-----------+----------+---------
 spid       | number        |           |          | 
 username   | varchar2(128) | C         |          | 
 program    | varchar2(256) |           |          | 
 pname      | varchar2(30)  |           |          | 
 background | varchar2(1)   |           |          | 

SELECT * 
FROM SYS.V$PARAMETER 
WHERE NAME IN ('listen_addresses','application_name','archive_command','archive_mode','block_size')
ORDER BY NAME;
       name       | type |         value          | default_value | isdefault | isses_modifiable | issys_modifiable |                            description                            
------------------+------+------------------------+---------------+-----------+------------------+------------------+-------------------------------------------------------------------
 application_name | 2    | pg_regress/ora_sysview |               | FALSE     | TRUE             | IMMEDIATE        | Sets the application name to be reported in statistics and logs.
 archive_command  | 2    | (disabled)             |               | FALSE     | FALSE            | IMMEDIATE        | Sets the shell command that will be called to archive a WAL file.
 archive_mode     | 2    | off                    | off           | TRUE      | FALSE            | FALSE            | Allows archiving of WAL files using "archive_command".
 block_size       | 3    | 8192                   | 8192          | TRUE      | FALSE            | FALSE            | Shows the size of a disk block.
 listen_addresses | 2    |                        | localhost     | FALSE     | FALSE            | FALSE            | Sets the host name or IP address(es) to listen to.
(5 rows)

CREATE TABLE t_pk_single (id NUMBER PRIMARY KEY, name VARCHAR2(50));
CREATE TABLE t_pk_composite (id1 NUMBER, id2 NUMBER, CONSTRAINT pk_composite PRIMARY KEY (id1, id2));
CREATE TABLE t_unique (col1 INT, col2 VARCHAR2(20), CONSTRAINT uk_col1 UNIQUE (col1));
CREATE TABLE t_parent (pid INT PRIMARY KEY, pname VARCHAR2(50));
CREATE TABLE t_child (cid INT, pid INT, CONSTRAINT fk_child_parent FOREIGN KEY (pid) REFERENCES t_parent(pid));
CREATE TABLE t_check (
    age INT,
    salary NUMERIC(10,2),
    CONSTRAINT chk_age CHECK (age >= 0),
    CONSTRAINT chk_salary_range CHECK (salary BETWEEN 1000 AND 100000)
);
-- t_partitioned removed as unnecessary
CREATE VIEW v_dummy AS SELECT 1 AS col FROM DUAL;
CREATE MATERIALIZED VIEW mv_dummy AS SELECT 2 AS col FROM DUAL;
CREATE TABLE t_data_types (
    c_varchar VARCHAR2(100),
    c_char CHAR(10),
    c_number NUMBER,
    c_int INT,
    c_numeric NUMERIC,
    c_float FLOAT,
    c_double DOUBLE PRECISION,
    c_date DATE,
    c_ts TIMESTAMP,
    c_tstz TIMESTAMP WITH TIME ZONE,
    c_text TEXT,
    CONSTRAINT pk_data_types PRIMARY KEY (c_varchar, c_char)
);
-- Convert CURRENT_USER to varchar2 then uppercase to match view's owner
SELECT table_name, constraint_name, column_name, position
FROM all_cons_columns
WHERE owner = SYS.ORA_CASE_TRANS(CURRENT_USER::VARCHAR2)
ORDER BY table_name, constraint_name, position;
     table_name     |      constraint_name       | column_name | position 
--------------------+----------------------------+-------------+----------
 NULL_SPECIAL       | null_special_id_NOT_NULL   | ID          | 1
 NULL_SPECIALBK     | null_specialbk_id_NOT_NULL | ID          | 1
 T_CHECK            | CHK_AGE                    | AGE         | 1
 T_CHECK            | CHK_SALARY_RANGE           | SALARY      | 1
 T_CHILD            | FK_CHILD_PARENT            | PID         | 1
 T_DATA_TYPES       | PK_DATA_TYPES              | C_VARCHAR   | 1
 T_DATA_TYPES       | PK_DATA_TYPES              | C_CHAR      | 2
 T_PARENT           | T_PARENT_PKEY              | PID         | 1
 T_PK_COMPOSITE     | PK_COMPOSITE               | ID1         | 1
 T_PK_COMPOSITE     | PK_COMPOSITE               | ID2         | 2
 T_PK_SINGLE        | T_PK_SINGLE_PKEY           | ID          | 1
 T_UNIQUE           | UK_COL1                    | COL1        | 1
 UTL_FILE_DIRECTORY | UTL_FILE_DIRECTORY_PKEY    | DIRNAME     | 1
(13 rows)

SELECT constraint_name, COUNT(*) AS column_count
FROM all_cons_columns
WHERE owner = SYS.ORA_CASE_TRANS(CURRENT_USER::VARCHAR2)
GROUP BY constraint_name
ORDER BY constraint_name;
      constraint_name       | column_count 
----------------------------+--------------
 CHK_AGE                    |            1
 CHK_SALARY_RANGE           |            1
 FK_CHILD_PARENT            |            1
 PK_COMPOSITE               |            2
 PK_DATA_TYPES              |            2
 T_PARENT_PKEY              |            1
 T_PK_SINGLE_PKEY           |            1
 UK_COL1                    |            1
 UTL_FILE_DIRECTORY_PKEY    |            1
 null_special_id_NOT_NULL   |            1
 null_specialbk_id_NOT_NULL |            1
(11 rows)

DROP VIEW IF EXISTS v_dummy;
DROP MATERIALIZED VIEW IF EXISTS mv_dummy;
DROP TABLE IF EXISTS t_child;
DROP TABLE IF EXISTS t_parent;
DROP TABLE IF EXISTS t_pk_single;
DROP TABLE IF EXISTS t_pk_composite;
DROP TABLE IF EXISTS t_unique;
DROP TABLE IF EXISTS t_check;
DROP TABLE IF EXISTS t_data_types;
-- USER_CONS_COLUMNS
CREATE TABLE TEST_USER_CONS_COLUMNS (
    ID INT NOT NULL,
    NAME VARCHAR2(30) NOT NULL,
    AGE INT NOT NULL,
    EMAIL VARCHAR2(50),
    CONSTRAINT PK_TEST PRIMARY KEY (ID, NAME),
    CONSTRAINT UQ_EMAIL UNIQUE (EMAIL)
);
SELECT TABLE_NAME, CONSTRAINT_NAME, COLUMN_NAME, POSITION
FROM SYS.USER_CONS_COLUMNS
WHERE TABLE_NAME = 'TEST_USER_CONS_COLUMNS'
AND CONSTRAINT_NAME LIKE '%NOT_NULL%'
ORDER BY CONSTRAINT_NAME, COLUMN_NAME;
       table_name       |           constraint_name            | column_name | position 
------------------------+--------------------------------------+-------------+----------
 TEST_USER_CONS_COLUMNS | TEST_USER_CONS_COLUMNS_AGE_NOT_NULL  | AGE         | 1
 TEST_USER_CONS_COLUMNS | TEST_USER_CONS_COLUMNS_ID_NOT_NULL   | ID          | 1
 TEST_USER_CONS_COLUMNS | TEST_USER_CONS_COLUMNS_NAME_NOT_NULL | NAME        | 1
(3 rows)

SELECT TABLE_NAME, CONSTRAINT_NAME, COLUMN_NAME, POSITION
FROM SYS.USER_CONS_COLUMNS
WHERE TABLE_NAME = 'TEST_USER_CONS_COLUMNS'
AND CONSTRAINT_NAME = 'PK_TEST'
ORDER BY CONSTRAINT_NAME, POSITION;
       table_name       | constraint_name | column_name | position 
------------------------+-----------------+-------------+----------
 TEST_USER_CONS_COLUMNS | PK_TEST         | ID          | 1
 TEST_USER_CONS_COLUMNS | PK_TEST         | NAME        | 2
(2 rows)

SELECT TABLE_NAME, CONSTRAINT_NAME, COLUMN_NAME, POSITION
FROM SYS.USER_CONS_COLUMNS
WHERE TABLE_NAME = 'TEST_USER_CONS_COLUMNS'
AND CONSTRAINT_NAME = 'UQ_EMAIL'
ORDER BY CONSTRAINT_NAME, COLUMN_NAME;
       table_name       | constraint_name | column_name | position 
------------------------+-----------------+-------------+----------
 TEST_USER_CONS_COLUMNS | UQ_EMAIL        | EMAIL       | 1
(1 row)

-- Clean
DROP TABLE IF EXISTS TEST_USER_CONS_COLUMNS;
-- Test NOT NULL constraint in all_cons_columns
CREATE TABLE t_notnull_test (
    id INT,
    name VARCHAR2(50) NOT NULL,
    age INT
);
SELECT table_name, constraint_name, column_name, position
FROM all_cons_columns
WHERE table_name = 'T_NOTNULL_TEST'
ORDER BY constraint_name, column_name;
   table_name   |       constraint_name        | column_name | position 
----------------+------------------------------+-------------+----------
 T_NOTNULL_TEST | t_notnull_test_name_NOT_NULL | NAME        | 1
(1 row)

DROP TABLE IF EXISTS t_notnull_test;
