-- Test UTL_RAW package
-- Basic CAST_TO_RAW: verify bytes are preserved
SELECT UTL_RAW.CAST_TO_RAW('hello');
 cast_to_raw  
--------------
 \x68656c6c6f
(1 row)

SELECT UTL_RAW.CAST_TO_RAW('ABC');
 cast_to_raw 
-------------
 \x414243
(1 row)

-- NULL input returns NULL
SELECT UTL_RAW.CAST_TO_RAW(NULL) IS NULL;
 ?column? 
----------
 t
(1 row)

-- Empty string
SELECT UTL_RAW.CAST_TO_RAW('');
 cast_to_raw 
-------------
 
(1 row)

-- Multi-byte characters (Chinese)
SELECT UTL_RAW.CAST_TO_RAW('你好');
  cast_to_raw   
----------------
 \xe4bda0e5a5bd
(1 row)

-- Mixed Chinese and ASCII characters
SELECT UTL_RAW.CAST_TO_RAW('你好ABC世界');
           cast_to_raw            
----------------------------------
 \xe4bda0e5a5bd414243e4b896e7958c
(1 row)

-- Package constants
SELECT UTL_RAW.big_endian;
ERROR:  "utl_raw"."big_endian": invalid identifier
LINE 1: SELECT UTL_RAW.big_endian;
               ^
-- Special characters
SELECT UTL_RAW.CAST_TO_RAW('a b c');
 cast_to_raw  
--------------
 \x6120622063
(1 row)

SELECT UTL_RAW.CAST_TO_RAW('\n');
 cast_to_raw 
-------------
 \x5c6e
(1 row)

