-- test old extension version entry points
CREATE EXTENSION pg_stat_statements WITH VERSION '1.4';
-- Execution of pg_stat_statements_reset() is granted only to
-- superusers in 1.4, so this fails.
SET SESSION AUTHORIZATION pg_read_all_stats;
SELECT pg_stat_statements_reset();
ERROR:  permission denied for function pg_stat_statements_reset
RESET SESSION AUTHORIZATION;
AlTER EXTENSION pg_stat_statements UPDATE TO '1.5';
-- Execution of pg_stat_statements_reset() should be granted to
-- pg_read_all_stats now, so this works.
SET SESSION AUTHORIZATION pg_read_all_stats;
SELECT pg_stat_statements_reset();
 pg_stat_statements_reset 
--------------------------
 
(1 row)

RESET SESSION AUTHORIZATION;
-- In 1.6, it got restricted back to superusers.
AlTER EXTENSION pg_stat_statements UPDATE TO '1.6';
SET SESSION AUTHORIZATION pg_read_all_stats;
SELECT pg_stat_statements_reset();
ERROR:  permission denied for function pg_stat_statements_reset
RESET SESSION AUTHORIZATION;
SELECT pg_get_functiondef('pg_stat_statements_reset'::regproc);
                              pg_get_functiondef                               
-------------------------------------------------------------------------------
 CREATE OR REPLACE FUNCTION public.pg_stat_statements_reset()                 +
  RETURNS void                                                                +
  LANGUAGE c                                                                  +
  PARALLEL SAFE                                                               +
 AS '$libdir/pg_stat_statements', $function$pg_stat_statements_reset$function$+
 
(1 row)

-- New function for pg_stat_statements_reset introduced, still
-- restricted for non-superusers.
AlTER EXTENSION pg_stat_statements UPDATE TO '1.7';
SET SESSION AUTHORIZATION pg_read_all_stats;
SELECT pg_stat_statements_reset();
ERROR:  permission denied for function pg_stat_statements_reset
RESET SESSION AUTHORIZATION;
SELECT pg_get_functiondef('pg_stat_statements_reset'::regproc);
                                                           pg_get_functiondef                                                            
-----------------------------------------------------------------------------------------------------------------------------------------
 CREATE OR REPLACE FUNCTION public.pg_stat_statements_reset(userid oid DEFAULT 0, dbid oid DEFAULT 0, queryid pg_catalog.int8 DEFAULT 0)+
  RETURNS void                                                                                                                          +
  LANGUAGE c                                                                                                                            +
  PARALLEL SAFE STRICT                                                                                                                  +
 AS '$libdir/pg_stat_statements', $function$pg_stat_statements_reset_1_7$function$                                                      +
 
(1 row)

\d pg_stat_statements
                     View "public.pg_stat_statements"
       Column        |       Type        | Collation | Nullable | Default 
---------------------+-------------------+-----------+----------+---------
 userid              | oid               |           |          | 
 dbid                | oid               |           |          | 
 queryid             | pg_catalog.int8   |           |          | 
 query               | text              |           |          | 
 calls               | pg_catalog.int8   |           |          | 
 total_time          | pg_catalog.float8 |           |          | 
 min_time            | pg_catalog.float8 |           |          | 
 max_time            | pg_catalog.float8 |           |          | 
 mean_time           | pg_catalog.float8 |           |          | 
 stddev_time         | pg_catalog.float8 |           |          | 
 rows                | pg_catalog.int8   |           |          | 
 shared_blks_hit     | pg_catalog.int8   |           |          | 
 shared_blks_read    | pg_catalog.int8   |           |          | 
 shared_blks_dirtied | pg_catalog.int8   |           |          | 
 shared_blks_written | pg_catalog.int8   |           |          | 
 local_blks_hit      | pg_catalog.int8   |           |          | 
 local_blks_read     | pg_catalog.int8   |           |          | 
 local_blks_dirtied  | pg_catalog.int8   |           |          | 
 local_blks_written  | pg_catalog.int8   |           |          | 
 temp_blks_read      | pg_catalog.int8   |           |          | 
 temp_blks_written   | pg_catalog.int8   |           |          | 
 blk_read_time       | pg_catalog.float8 |           |          | 
 blk_write_time      | pg_catalog.float8 |           |          | 

SELECT count(*) > 0 AS has_data FROM pg_stat_statements;
 has_data 
----------
 t
(1 row)

-- New functions and views for pg_stat_statements in 1.8
AlTER EXTENSION pg_stat_statements UPDATE TO '1.8';
\d pg_stat_statements
                     View "public.pg_stat_statements"
       Column        |        Type        | Collation | Nullable | Default 
---------------------+--------------------+-----------+----------+---------
 userid              | oid                |           |          | 
 dbid                | oid                |           |          | 
 queryid             | pg_catalog.int8    |           |          | 
 query               | text               |           |          | 
 plans               | pg_catalog.int8    |           |          | 
 total_plan_time     | pg_catalog.float8  |           |          | 
 min_plan_time       | pg_catalog.float8  |           |          | 
 max_plan_time       | pg_catalog.float8  |           |          | 
 mean_plan_time      | pg_catalog.float8  |           |          | 
 stddev_plan_time    | pg_catalog.float8  |           |          | 
 calls               | pg_catalog.int8    |           |          | 
 total_exec_time     | pg_catalog.float8  |           |          | 
 min_exec_time       | pg_catalog.float8  |           |          | 
 max_exec_time       | pg_catalog.float8  |           |          | 
 mean_exec_time      | pg_catalog.float8  |           |          | 
 stddev_exec_time    | pg_catalog.float8  |           |          | 
 rows                | pg_catalog.int8    |           |          | 
 shared_blks_hit     | pg_catalog.int8    |           |          | 
 shared_blks_read    | pg_catalog.int8    |           |          | 
 shared_blks_dirtied | pg_catalog.int8    |           |          | 
 shared_blks_written | pg_catalog.int8    |           |          | 
 local_blks_hit      | pg_catalog.int8    |           |          | 
 local_blks_read     | pg_catalog.int8    |           |          | 
 local_blks_dirtied  | pg_catalog.int8    |           |          | 
 local_blks_written  | pg_catalog.int8    |           |          | 
 temp_blks_read      | pg_catalog.int8    |           |          | 
 temp_blks_written   | pg_catalog.int8    |           |          | 
 blk_read_time       | pg_catalog.float8  |           |          | 
 blk_write_time      | pg_catalog.float8  |           |          | 
 wal_records         | pg_catalog.int8    |           |          | 
 wal_fpi             | pg_catalog.int8    |           |          | 
 wal_bytes           | pg_catalog.numeric |           |          | 

SELECT pg_get_functiondef('pg_stat_statements_reset'::regproc);
                                                           pg_get_functiondef                                                            
-----------------------------------------------------------------------------------------------------------------------------------------
 CREATE OR REPLACE FUNCTION public.pg_stat_statements_reset(userid oid DEFAULT 0, dbid oid DEFAULT 0, queryid pg_catalog.int8 DEFAULT 0)+
  RETURNS void                                                                                                                          +
  LANGUAGE c                                                                                                                            +
  PARALLEL SAFE STRICT                                                                                                                  +
 AS '$libdir/pg_stat_statements', $function$pg_stat_statements_reset_1_7$function$                                                      +
 
(1 row)

-- New function pg_stat_statement_info, and new function
-- and view for pg_stat_statements introduced in 1.9
AlTER EXTENSION pg_stat_statements UPDATE TO '1.9';
SELECT pg_get_functiondef('pg_stat_statements_info'::regproc);
                                                        pg_get_functiondef                                                        
----------------------------------------------------------------------------------------------------------------------------------
 CREATE OR REPLACE FUNCTION public.pg_stat_statements_info(OUT dealloc pg_catalog.int8, OUT stats_reset timestamp with time zone)+
  RETURNS record                                                                                                                 +
  LANGUAGE c                                                                                                                     +
  PARALLEL SAFE STRICT                                                                                                           +
 AS '$libdir/pg_stat_statements', $function$pg_stat_statements_info$function$                                                    +
 
(1 row)

\d pg_stat_statements
                     View "public.pg_stat_statements"
       Column        |        Type        | Collation | Nullable | Default 
---------------------+--------------------+-----------+----------+---------
 userid              | oid                |           |          | 
 dbid                | oid                |           |          | 
 toplevel            | pg_catalog.bool    |           |          | 
 queryid             | pg_catalog.int8    |           |          | 
 query               | text               |           |          | 
 plans               | pg_catalog.int8    |           |          | 
 total_plan_time     | pg_catalog.float8  |           |          | 
 min_plan_time       | pg_catalog.float8  |           |          | 
 max_plan_time       | pg_catalog.float8  |           |          | 
 mean_plan_time      | pg_catalog.float8  |           |          | 
 stddev_plan_time    | pg_catalog.float8  |           |          | 
 calls               | pg_catalog.int8    |           |          | 
 total_exec_time     | pg_catalog.float8  |           |          | 
 min_exec_time       | pg_catalog.float8  |           |          | 
 max_exec_time       | pg_catalog.float8  |           |          | 
 mean_exec_time      | pg_catalog.float8  |           |          | 
 stddev_exec_time    | pg_catalog.float8  |           |          | 
 rows                | pg_catalog.int8    |           |          | 
 shared_blks_hit     | pg_catalog.int8    |           |          | 
 shared_blks_read    | pg_catalog.int8    |           |          | 
 shared_blks_dirtied | pg_catalog.int8    |           |          | 
 shared_blks_written | pg_catalog.int8    |           |          | 
 local_blks_hit      | pg_catalog.int8    |           |          | 
 local_blks_read     | pg_catalog.int8    |           |          | 
 local_blks_dirtied  | pg_catalog.int8    |           |          | 
 local_blks_written  | pg_catalog.int8    |           |          | 
 temp_blks_read      | pg_catalog.int8    |           |          | 
 temp_blks_written   | pg_catalog.int8    |           |          | 
 blk_read_time       | pg_catalog.float8  |           |          | 
 blk_write_time      | pg_catalog.float8  |           |          | 
 wal_records         | pg_catalog.int8    |           |          | 
 wal_fpi             | pg_catalog.int8    |           |          | 
 wal_bytes           | pg_catalog.numeric |           |          | 

SELECT count(*) > 0 AS has_data FROM pg_stat_statements;
 has_data 
----------
 t
(1 row)

-- New functions and views for pg_stat_statements in 1.10
AlTER EXTENSION pg_stat_statements UPDATE TO '1.10';
\d pg_stat_statements
                       View "public.pg_stat_statements"
         Column         |        Type        | Collation | Nullable | Default 
------------------------+--------------------+-----------+----------+---------
 userid                 | oid                |           |          | 
 dbid                   | oid                |           |          | 
 toplevel               | pg_catalog.bool    |           |          | 
 queryid                | pg_catalog.int8    |           |          | 
 query                  | text               |           |          | 
 plans                  | pg_catalog.int8    |           |          | 
 total_plan_time        | pg_catalog.float8  |           |          | 
 min_plan_time          | pg_catalog.float8  |           |          | 
 max_plan_time          | pg_catalog.float8  |           |          | 
 mean_plan_time         | pg_catalog.float8  |           |          | 
 stddev_plan_time       | pg_catalog.float8  |           |          | 
 calls                  | pg_catalog.int8    |           |          | 
 total_exec_time        | pg_catalog.float8  |           |          | 
 min_exec_time          | pg_catalog.float8  |           |          | 
 max_exec_time          | pg_catalog.float8  |           |          | 
 mean_exec_time         | pg_catalog.float8  |           |          | 
 stddev_exec_time       | pg_catalog.float8  |           |          | 
 rows                   | pg_catalog.int8    |           |          | 
 shared_blks_hit        | pg_catalog.int8    |           |          | 
 shared_blks_read       | pg_catalog.int8    |           |          | 
 shared_blks_dirtied    | pg_catalog.int8    |           |          | 
 shared_blks_written    | pg_catalog.int8    |           |          | 
 local_blks_hit         | pg_catalog.int8    |           |          | 
 local_blks_read        | pg_catalog.int8    |           |          | 
 local_blks_dirtied     | pg_catalog.int8    |           |          | 
 local_blks_written     | pg_catalog.int8    |           |          | 
 temp_blks_read         | pg_catalog.int8    |           |          | 
 temp_blks_written      | pg_catalog.int8    |           |          | 
 blk_read_time          | pg_catalog.float8  |           |          | 
 blk_write_time         | pg_catalog.float8  |           |          | 
 temp_blk_read_time     | pg_catalog.float8  |           |          | 
 temp_blk_write_time    | pg_catalog.float8  |           |          | 
 wal_records            | pg_catalog.int8    |           |          | 
 wal_fpi                | pg_catalog.int8    |           |          | 
 wal_bytes              | pg_catalog.numeric |           |          | 
 jit_functions          | pg_catalog.int8    |           |          | 
 jit_generation_time    | pg_catalog.float8  |           |          | 
 jit_inlining_count     | pg_catalog.int8    |           |          | 
 jit_inlining_time      | pg_catalog.float8  |           |          | 
 jit_optimization_count | pg_catalog.int8    |           |          | 
 jit_optimization_time  | pg_catalog.float8  |           |          | 
 jit_emission_count     | pg_catalog.int8    |           |          | 
 jit_emission_time      | pg_catalog.float8  |           |          | 

SELECT count(*) > 0 AS has_data FROM pg_stat_statements;
 has_data 
----------
 t
(1 row)

-- New views for pg_stat_statements in 1.11
AlTER EXTENSION pg_stat_statements UPDATE TO '1.11';
\d pg_stat_statements
                       View "public.pg_stat_statements"
         Column         |        Type        | Collation | Nullable | Default 
------------------------+--------------------+-----------+----------+---------
 userid                 | oid                |           |          | 
 dbid                   | oid                |           |          | 
 toplevel               | pg_catalog.bool    |           |          | 
 queryid                | pg_catalog.int8    |           |          | 
 query                  | text               |           |          | 
 plans                  | pg_catalog.int8    |           |          | 
 total_plan_time        | pg_catalog.float8  |           |          | 
 min_plan_time          | pg_catalog.float8  |           |          | 
 max_plan_time          | pg_catalog.float8  |           |          | 
 mean_plan_time         | pg_catalog.float8  |           |          | 
 stddev_plan_time       | pg_catalog.float8  |           |          | 
 calls                  | pg_catalog.int8    |           |          | 
 total_exec_time        | pg_catalog.float8  |           |          | 
 min_exec_time          | pg_catalog.float8  |           |          | 
 max_exec_time          | pg_catalog.float8  |           |          | 
 mean_exec_time         | pg_catalog.float8  |           |          | 
 stddev_exec_time       | pg_catalog.float8  |           |          | 
 rows                   | pg_catalog.int8    |           |          | 
 shared_blks_hit        | pg_catalog.int8    |           |          | 
 shared_blks_read       | pg_catalog.int8    |           |          | 
 shared_blks_dirtied    | pg_catalog.int8    |           |          | 
 shared_blks_written    | pg_catalog.int8    |           |          | 
 local_blks_hit         | pg_catalog.int8    |           |          | 
 local_blks_read        | pg_catalog.int8    |           |          | 
 local_blks_dirtied     | pg_catalog.int8    |           |          | 
 local_blks_written     | pg_catalog.int8    |           |          | 
 temp_blks_read         | pg_catalog.int8    |           |          | 
 temp_blks_written      | pg_catalog.int8    |           |          | 
 shared_blk_read_time   | pg_catalog.float8  |           |          | 
 shared_blk_write_time  | pg_catalog.float8  |           |          | 
 local_blk_read_time    | pg_catalog.float8  |           |          | 
 local_blk_write_time   | pg_catalog.float8  |           |          | 
 temp_blk_read_time     | pg_catalog.float8  |           |          | 
 temp_blk_write_time    | pg_catalog.float8  |           |          | 
 wal_records            | pg_catalog.int8    |           |          | 
 wal_fpi                | pg_catalog.int8    |           |          | 
 wal_bytes              | pg_catalog.numeric |           |          | 
 jit_functions          | pg_catalog.int8    |           |          | 
 jit_generation_time    | pg_catalog.float8  |           |          | 
 jit_inlining_count     | pg_catalog.int8    |           |          | 
 jit_inlining_time      | pg_catalog.float8  |           |          | 
 jit_optimization_count | pg_catalog.int8    |           |          | 
 jit_optimization_time  | pg_catalog.float8  |           |          | 
 jit_emission_count     | pg_catalog.int8    |           |          | 
 jit_emission_time      | pg_catalog.float8  |           |          | 
 jit_deform_count       | pg_catalog.int8    |           |          | 
 jit_deform_time        | pg_catalog.float8  |           |          | 

SELECT count(*) > 0 AS has_data FROM pg_stat_statements;
 has_data 
----------
 t
(1 row)

DROP EXTENSION pg_stat_statements;
