-- timestampltz check
SET NLS_TIMESTAMP_FORMAT='YYYY-MM-DD HH24:MI:SS.FF9';
CREATE TABLE timestampltztest (a timestamp with local time zone);
\copy timestampltztest from 'data/timestamptz.data'
SET enable_seqscan=on;
SELECT count(*) FROM timestampltztest WHERE a <  '2018-12-18 10:59:54';
 count 
-------
   385
(1 row)

SELECT count(*) FROM timestampltztest WHERE a <= '2018-12-18 10:59:54';
 count 
-------
   386
(1 row)

SELECT count(*) FROM timestampltztest WHERE a  = '2018-12-18 10:59:54';
 count 
-------
     1
(1 row)

SELECT count(*) FROM timestampltztest WHERE a >= '2018-12-18 10:59:54';
 count 
-------
   146
(1 row)

SELECT count(*) FROM timestampltztest WHERE a >  '2018-12-18 10:59:54';
 count 
-------
   145
(1 row)

CREATE INDEX timestampltzidx ON timestampltztest USING gin ( a );
SET enable_seqscan=off;
EXPLAIN (COSTS OFF)
SELECT count(*) FROM timestampltztest WHERE a <  '2018-12-18 10:59:54'::timestamp with local time zone;
                                             QUERY PLAN                                             
----------------------------------------------------------------------------------------------------
 Aggregate
   ->  Bitmap Heap Scan on timestampltztest
         Recheck Cond: (a < '2018-12-18 10:59:54.000000000'::timestamp(6) with local time zone)
         ->  Bitmap Index Scan on timestampltzidx
               Index Cond: (a < '2018-12-18 10:59:54.000000000'::timestamp(6) with local time zone)
(5 rows)

SELECT count(*) FROM timestampltztest WHERE a <  '2018-12-18 10:59:54'::timestamp with local time zone;
 count 
-------
   385
(1 row)

EXPLAIN (COSTS OFF)
SELECT count(*) FROM timestampltztest WHERE a <= '2018-12-18 10:59:54'::timestamp with local time zone;
                                             QUERY PLAN                                              
-----------------------------------------------------------------------------------------------------
 Aggregate
   ->  Bitmap Heap Scan on timestampltztest
         Recheck Cond: (a <= '2018-12-18 10:59:54.000000000'::timestamp(6) with local time zone)
         ->  Bitmap Index Scan on timestampltzidx
               Index Cond: (a <= '2018-12-18 10:59:54.000000000'::timestamp(6) with local time zone)
(5 rows)

SELECT count(*) FROM timestampltztest WHERE a <= '2018-12-18 10:59:54'::timestamp with local time zone;
 count 
-------
   386
(1 row)

EXPLAIN (COSTS OFF)
SELECT count(*) FROM timestampltztest WHERE a  = '2018-12-18 10:59:54'::timestamp with local time zone;
                                             QUERY PLAN                                             
----------------------------------------------------------------------------------------------------
 Aggregate
   ->  Bitmap Heap Scan on timestampltztest
         Recheck Cond: (a = '2018-12-18 10:59:54.000000000'::timestamp(6) with local time zone)
         ->  Bitmap Index Scan on timestampltzidx
               Index Cond: (a = '2018-12-18 10:59:54.000000000'::timestamp(6) with local time zone)
(5 rows)

SELECT count(*) FROM timestampltztest WHERE a  = '2018-12-18 10:59:54'::timestamp with local time zone;
 count 
-------
     1
(1 row)

EXPLAIN (COSTS OFF)
SELECT count(*) FROM timestampltztest WHERE a >= '2018-12-18 10:59:54'::timestamp with local time zone;
                                             QUERY PLAN                                              
-----------------------------------------------------------------------------------------------------
 Aggregate
   ->  Bitmap Heap Scan on timestampltztest
         Recheck Cond: (a >= '2018-12-18 10:59:54.000000000'::timestamp(6) with local time zone)
         ->  Bitmap Index Scan on timestampltzidx
               Index Cond: (a >= '2018-12-18 10:59:54.000000000'::timestamp(6) with local time zone)
(5 rows)

SELECT count(*) FROM timestampltztest WHERE a >=  '2018-12-18 10:59:54'::timestamp with local time zone;
 count 
-------
   146
(1 row)

EXPLAIN (COSTS OFF)
SELECT count(*) FROM timestampltztest WHERE a >  '2018-12-18 10:59:54'::timestamp with local time zone;
                                             QUERY PLAN                                             
----------------------------------------------------------------------------------------------------
 Aggregate
   ->  Bitmap Heap Scan on timestampltztest
         Recheck Cond: (a > '2018-12-18 10:59:54.000000000'::timestamp(6) with local time zone)
         ->  Bitmap Index Scan on timestampltzidx
               Index Cond: (a > '2018-12-18 10:59:54.000000000'::timestamp(6) with local time zone)
(5 rows)

SELECT count(*) FROM timestampltztest WHERE a >  '2018-12-18 10:59:54'::timestamp with local time zone;
 count 
-------
   145
(1 row)

