-- timestamp check
SET NLS_TIMESTAMP_FORMAT='YYYY-MM-DD HH24:MI:SS.FF9';
CREATE TABLE timestamptest (a timestamp);
\copy timestamptest from 'data/timestamp.data'
SET enable_seqscan=on;
SELECT count(*) FROM timestamptest WHERE a <  '2004-10-26 08:55:08';
 count 
-------
   270
(1 row)

SELECT count(*) FROM timestamptest WHERE a <= '2004-10-26 08:55:08';
 count 
-------
   271
(1 row)

SELECT count(*) FROM timestamptest WHERE a  = '2004-10-26 08:55:08';
 count 
-------
     1
(1 row)

SELECT count(*) FROM timestamptest WHERE a >= '2004-10-26 08:55:08';
 count 
-------
   274
(1 row)

SELECT count(*) FROM timestamptest WHERE a >  '2004-10-26 08:55:08';
 count 
-------
   273
(1 row)

CREATE INDEX timestampidx ON timestamptest USING gin ( a );
SET enable_seqscan=off;
EXPLAIN (COSTS OFF)
SELECT count(*) FROM timestamptest WHERE a <  '2004-10-26 08:55:08'::timestamp;
                                  QUERY PLAN                                   
-------------------------------------------------------------------------------
 Aggregate
   ->  Bitmap Heap Scan on timestamptest
         Recheck Cond: (a < '2004-10-26 08:55:08.000000000'::timestamp(6))
         ->  Bitmap Index Scan on timestampidx
               Index Cond: (a < '2004-10-26 08:55:08.000000000'::timestamp(6))
(5 rows)

SELECT count(*) FROM timestamptest WHERE a <  '2004-10-26 08:55:08'::timestamp;
 count 
-------
   270
(1 row)

EXPLAIN (COSTS OFF)
SELECT count(*) FROM timestamptest WHERE a <= '2004-10-26 08:55:08'::timestamp;
                                   QUERY PLAN                                   
--------------------------------------------------------------------------------
 Aggregate
   ->  Bitmap Heap Scan on timestamptest
         Recheck Cond: (a <= '2004-10-26 08:55:08.000000000'::timestamp(6))
         ->  Bitmap Index Scan on timestampidx
               Index Cond: (a <= '2004-10-26 08:55:08.000000000'::timestamp(6))
(5 rows)

SELECT count(*) FROM timestamptest WHERE a <= '2004-10-26 08:55:08'::timestamp;
 count 
-------
   271
(1 row)

EXPLAIN (COSTS OFF)
SELECT count(*) FROM timestamptest WHERE a  = '2004-10-26 08:55:08'::timestamp;
                                  QUERY PLAN                                   
-------------------------------------------------------------------------------
 Aggregate
   ->  Bitmap Heap Scan on timestamptest
         Recheck Cond: (a = '2004-10-26 08:55:08.000000000'::timestamp(6))
         ->  Bitmap Index Scan on timestampidx
               Index Cond: (a = '2004-10-26 08:55:08.000000000'::timestamp(6))
(5 rows)

SELECT count(*) FROM timestamptest WHERE a  = '2004-10-26 08:55:08'::timestamp;
 count 
-------
     1
(1 row)

EXPLAIN (COSTS OFF)
SELECT count(*) FROM timestamptest WHERE a >= '2004-10-26 08:55:08'::timestamp;
                                   QUERY PLAN                                   
--------------------------------------------------------------------------------
 Aggregate
   ->  Bitmap Heap Scan on timestamptest
         Recheck Cond: (a >= '2004-10-26 08:55:08.000000000'::timestamp(6))
         ->  Bitmap Index Scan on timestampidx
               Index Cond: (a >= '2004-10-26 08:55:08.000000000'::timestamp(6))
(5 rows)

SELECT count(*) FROM timestamptest WHERE a >= '2004-10-26 08:55:08'::timestamp;
 count 
-------
   274
(1 row)

EXPLAIN (COSTS OFF)
SELECT count(*) FROM timestamptest WHERE a >  '2004-10-26 08:55:08'::timestamp;
                                  QUERY PLAN                                   
-------------------------------------------------------------------------------
 Aggregate
   ->  Bitmap Heap Scan on timestamptest
         Recheck Cond: (a > '2004-10-26 08:55:08.000000000'::timestamp(6))
         ->  Bitmap Index Scan on timestampidx
               Index Cond: (a > '2004-10-26 08:55:08.000000000'::timestamp(6))
(5 rows)

SELECT count(*) FROM timestamptest WHERE a >  '2004-10-26 08:55:08'::timestamp;
 count 
-------
   273
(1 row)

