-- timestamp check
SET NLS_TIMESTAMP_FORMAT='YYYY-MM-DD HH24:MI:SS.FF9';
CREATE TABLE timestamptmp (a timestamp);
\copy timestamptmp from 'data/timestamp.data'
SET enable_seqscan=on;
SELECT count(*) FROM timestamptmp WHERE a <  '2004-10-26 08:55:08';
 count 
-------
   270
(1 row)

SELECT count(*) FROM timestamptmp WHERE a <= '2004-10-26 08:55:08';
 count 
-------
   271
(1 row)

SELECT count(*) FROM timestamptmp WHERE a  = '2004-10-26 08:55:08';
 count 
-------
     1
(1 row)

SELECT count(*) FROM timestamptmp WHERE a >= '2004-10-26 08:55:08';
 count 
-------
   274
(1 row)

SELECT count(*) FROM timestamptmp WHERE a >  '2004-10-26 08:55:08';
 count 
-------
   273
(1 row)

SELECT count(*) FROM timestamptmp WHERE a <> '2004-10-26 08:55:08';
 count 
-------
   543
(1 row)

SELECT a, a <-> '2004-10-26 08:55:08' FROM timestamptmp ORDER BY a <-> '2004-10-26 08:55:08' LIMIT 3;
               a               |              ?column?              
-------------------------------+------------------------------------
 2004-10-26 08:55:08.000000000 | @ 0
 2004-10-31 06:35:03.000000000 | @ 4 days 21 hours 39 mins 55 secs
 2004-11-29 20:12:43.000000000 | @ 34 days 11 hours 17 mins 35 secs
(3 rows)

CREATE INDEX timestampidx ON timestamptmp USING gist ( a );
SET enable_seqscan=off;
EXPLAIN (COSTS OFF)
SELECT count(*) FROM timestamptmp WHERE a <  '2004-10-26 08:55:08'::timestamp;
                                  QUERY PLAN                                   
-------------------------------------------------------------------------------
 Aggregate
   ->  Bitmap Heap Scan on timestamptmp
         Recheck Cond: (a < '2004-10-26 08:55:08.000000000'::timestamp(6))
         ->  Bitmap Index Scan on timestampidx
               Index Cond: (a < '2004-10-26 08:55:08.000000000'::timestamp(6))
(5 rows)

SELECT count(*) FROM timestamptmp WHERE a <  '2004-10-26 08:55:08'::timestamp;
 count 
-------
   270
(1 row)

EXPLAIN (COSTS OFF)
SELECT count(*) FROM timestamptmp WHERE a <= '2004-10-26 08:55:08'::timestamp;
                                   QUERY PLAN                                   
--------------------------------------------------------------------------------
 Aggregate
   ->  Bitmap Heap Scan on timestamptmp
         Recheck Cond: (a <= '2004-10-26 08:55:08.000000000'::timestamp(6))
         ->  Bitmap Index Scan on timestampidx
               Index Cond: (a <= '2004-10-26 08:55:08.000000000'::timestamp(6))
(5 rows)

SELECT count(*) FROM timestamptmp WHERE a <= '2004-10-26 08:55:08'::timestamp;
 count 
-------
   271
(1 row)

EXPLAIN (COSTS OFF)
SELECT count(*) FROM timestamptmp WHERE a  = '2004-10-26 08:55:08'::timestamp;
                                  QUERY PLAN                                   
-------------------------------------------------------------------------------
 Aggregate
   ->  Bitmap Heap Scan on timestamptmp
         Recheck Cond: (a = '2004-10-26 08:55:08.000000000'::timestamp(6))
         ->  Bitmap Index Scan on timestampidx
               Index Cond: (a = '2004-10-26 08:55:08.000000000'::timestamp(6))
(5 rows)

SELECT count(*) FROM timestamptmp WHERE a  = '2004-10-26 08:55:08'::timestamp;
 count 
-------
     1
(1 row)

EXPLAIN (COSTS OFF)
SELECT count(*) FROM timestamptmp WHERE a >= '2004-10-26 08:55:08'::timestamp;
                                   QUERY PLAN                                   
--------------------------------------------------------------------------------
 Aggregate
   ->  Bitmap Heap Scan on timestamptmp
         Recheck Cond: (a >= '2004-10-26 08:55:08.000000000'::timestamp(6))
         ->  Bitmap Index Scan on timestampidx
               Index Cond: (a >= '2004-10-26 08:55:08.000000000'::timestamp(6))
(5 rows)

SELECT count(*) FROM timestamptmp WHERE a >= '2004-10-26 08:55:08'::timestamp;
 count 
-------
   274
(1 row)

EXPLAIN (COSTS OFF)
SELECT count(*) FROM timestamptmp WHERE a >  '2004-10-26 08:55:08'::timestamp;
                                  QUERY PLAN                                   
-------------------------------------------------------------------------------
 Aggregate
   ->  Bitmap Heap Scan on timestamptmp
         Recheck Cond: (a > '2004-10-26 08:55:08.000000000'::timestamp(6))
         ->  Bitmap Index Scan on timestampidx
               Index Cond: (a > '2004-10-26 08:55:08.000000000'::timestamp(6))
(5 rows)

SELECT count(*) FROM timestamptmp WHERE a >  '2004-10-26 08:55:08'::timestamp;
 count 
-------
   273
(1 row)

EXPLAIN (COSTS OFF)
SELECT count(*) FROM timestamptmp WHERE a <> '2004-10-26 08:55:08'::timestamp;
                                   QUERY PLAN                                   
--------------------------------------------------------------------------------
 Aggregate
   ->  Bitmap Heap Scan on timestamptmp
         Recheck Cond: (a <> '2004-10-26 08:55:08.000000000'::timestamp(6))
         ->  Bitmap Index Scan on timestampidx
               Index Cond: (a <> '2004-10-26 08:55:08.000000000'::timestamp(6))
(5 rows)

SELECT count(*) FROM timestamptmp WHERE a <> '2004-10-26 08:55:08'::timestamp;
 count 
-------
   543
(1 row)

EXPLAIN (COSTS OFF)
SELECT a, a <-> '2004-10-26 08:55:08' FROM timestamptmp ORDER BY a <-> '2004-10-26 08:55:08' LIMIT 3;
                              QUERY PLAN                              
----------------------------------------------------------------------
 Limit
   ->  Index Only Scan using timestampidx on timestamptmp
         Order By: (a <-> '2004-10-26 08:55:08.000000000'::timestamp)
(3 rows)

SELECT a, a <-> '2004-10-26 08:55:08' FROM timestamptmp ORDER BY a <-> '2004-10-26 08:55:08' LIMIT 3;
               a               |              ?column?              
-------------------------------+------------------------------------
 2004-10-26 08:55:08.000000000 | @ 0
 2004-10-31 06:35:03.000000000 | @ 4 days 21 hours 39 mins 55 secs
 2004-11-29 20:12:43.000000000 | @ 34 days 11 hours 17 mins 35 secs
(3 rows)

