set compatible_mode = oracle;
select greatest(4,5,7,10,2);
 greatest 
----------
       10
(1 row)

select greatest(4,5,7,-10,-2);
 greatest 
----------
        7
(1 row)

select greatest('a','b','A','B');
 greatest 
----------
 b
(1 row)

select greatest(',','.','/',';','!','@','?');
 greatest 
----------
 @
(1 row)

select greatest('瀚','高','数','据','库');
 greatest 
----------
 高
(1 row)

SELECT greatest('HARRY', 'HARRIOT', 'HARRA');
 greatest 
----------
 HARRY
(1 row)

SELECT greatest('HARRY', 'HARRIOT', NULL);
 greatest 
----------
 
(1 row)

SELECT greatest(1.1, 2.22, 3.33);
 greatest 
----------
     3.33
(1 row)

SELECT greatest(1, 2, 3);
 greatest 
----------
        3
(1 row)

SELECT greatest(1,' 2', '3' );
 greatest 
----------
        3
(1 row)

SELECT greatest(NULL, NULL, NULL);
 greatest 
----------
 
(1 row)

SELECT greatest('A', 6, 7, 5000, 'E', 'F','G') A;
 a 
---
 G
(1 row)

SELECT least('HARRY', 'HARRIOT', 'HARRA');
 least 
-------
 HARRA
(1 row)

SELECT least('HARRY', 'HARRIOT', NULL);
 least 
-------
 
(1 row)

SELECT least(1.1, 2.22, 3.33);
 least 
-------
   1.1
(1 row)

SELECT least(1, 2, 3);
 least 
-------
     1
(1 row)

SELECT least(1,' 2', '3' );
 least 
-------
     1
(1 row)

SELECT least(NULL, NULL, NULL);
 least 
-------
 
(1 row)

SELECT least('A', 6, 7, 5000, 'E', 'F','G') A;
  a   
------
 5000
(1 row)

select least(1,3,5,10);
 least 
-------
     1
(1 row)

select least(-1,3,5,-10);
 least 
-------
   -10
(1 row)

select least('a','A','b','B');
 least 
-------
 A
(1 row)

select least(',','.','/',';','!','@');
 least 
-------
 !
(1 row)

select least('瀚','高','据','库');
 least 
-------
 库
(1 row)

set compatible_mode to default;
