set datestyle = ISO ,YMD;
set timezone = 'Asia/Shanghai';
set intervalstyle = postgres;
set compatible_mode = 'oracle';
select oracle.bin_to_num(1,0,1);
 bin_to_num 
------------
          5
(1 row)

select oracle.bin_to_num('1.3'::text,'1.2'::name);
 bin_to_num 
------------
          3
(1 row)

select oracle.bin_to_num('1'::bpchar);
 bin_to_num 
------------
          1
(1 row)

select oracle.bin_to_num('3'::bpchar);
ERROR:  Invalid binary number,each paramter must evaluate to 0 or 1!
select oracle.bin_to_num(1.2::numeric);
 bin_to_num 
------------
          1
(1 row)

select oracle.bin_to_num(1.2::float8);
 bin_to_num 
------------
          1
(1 row)

select oracle.bin_to_num(1.2::real,2.3::numeric);
ERROR:  Invalid binary number,each paramter must evaluate to 0 or 1!
select oracle.bin_to_num(1.2::real,1.5::numeric);
 bin_to_num 
------------
          3
(1 row)

select oracle.bin_to_num(1.2::float8,1.3::float4);
 bin_to_num 
------------
          3
(1 row)

select oracle.bin_to_num(1.2::float8,1::int4);
 bin_to_num 
------------
          3
(1 row)

select oracle.bin_to_num(3.2::float8,1::int4);
ERROR:  Invalid binary number,each paramter must evaluate to 0 or 1!
select oracle.bin_to_num(NULL);
 bin_to_num 
------------
           
(1 row)

select oracle.bin_to_num(NULL,NULL,NULL);
 bin_to_num 
------------
           
(1 row)

set compatible_mode to default;
