SELECT oracle.nanvl(12345, 1), oracle.nanvl('NaN', 1);
 nanvl | nanvl 
-------+-------
 12345 |     1
(1 row)

SELECT oracle.nanvl(12345::float4, 1), oracle.nanvl('NaN'::float4, 1);
 nanvl | nanvl 
-------+-------
 12345 |     1
(1 row)

SELECT oracle.nanvl(12345::float8, 1), oracle.nanvl('NaN'::float8, 1);
 nanvl | nanvl 
-------+-------
 12345 |     1
(1 row)

SELECT oracle.nanvl(12345::numeric, 1), oracle.nanvl('NaN'::numeric, 1);
 nanvl | nanvl 
-------+-------
 12345 |     1
(1 row)

SELECT oracle.nanvl(12345, '1'::varchar), oracle.nanvl('NaN', 1::varchar);
 nanvl | nanvl 
-------+-------
 12345 |     1
(1 row)

SELECT oracle.nanvl(12345::float4, '1'::varchar), oracle.nanvl('NaN'::float4, '1'::varchar);
 nanvl | nanvl 
-------+-------
 12345 |     1
(1 row)

SELECT oracle.nanvl(12345::float8, '1'::varchar), oracle.nanvl('NaN'::float8, '1'::varchar);
 nanvl | nanvl 
-------+-------
 12345 |     1
(1 row)

SELECT oracle.nanvl(12345::numeric, '1'::varchar), oracle.nanvl('NaN'::numeric, '1'::varchar);
 nanvl | nanvl 
-------+-------
 12345 |     1
(1 row)

SELECT oracle.nanvl(12345, '1'::char), oracle.nanvl('NaN', 1::char);
 nanvl | nanvl 
-------+-------
 12345 |     1
(1 row)

SELECT oracle.nanvl(12345::float4, '1'::char), oracle.nanvl('NaN'::float4, '1'::char);
 nanvl | nanvl 
-------+-------
 12345 |     1
(1 row)

SELECT oracle.nanvl(12345::float8, '1'::char), oracle.nanvl('NaN'::float8, '1'::char);
 nanvl | nanvl 
-------+-------
 12345 |     1
(1 row)

SELECT oracle.nanvl(12345::numeric, '1'::char), oracle.nanvl('NaN'::numeric, '1'::char);
 nanvl | nanvl 
-------+-------
 12345 |     1
(1 row)

