set datestyle = ISO ,YMD;
set timezone = 'Asia/Shanghai';
set intervalstyle = postgres;
set compatible_mode = 'oracle';
select to_char(123,'xx');
 to_char 
---------
 7b
(1 row)

select to_char(12367777,'xxx');
ERROR:  arg is invalid!
select to_char(12367777,'xxxxxx');
 to_char 
---------
 bcb7a1
(1 row)

select to_char(-1,'$9');
 to_char 
---------
 $-1
(1 row)

select oracle.to_char(22);
 to_char 
---------
 22
(1 row)

select oracle.to_char(99::smallint);
 to_char 
---------
 99
(1 row)

select oracle.to_char(-44444);
 to_char 
---------
 -44444
(1 row)

select oracle.to_char(1234567890123456::bigint);
     to_char      
------------------
 1234567890123456
(1 row)

select oracle.to_char(123.456::real);
 to_char 
---------
 123.456
(1 row)

select oracle.to_char(1234.5678::double precision);
  to_char  
-----------
 1234.5678
(1 row)

select oracle.to_char(12345678901234567890::numeric);
       to_char        
----------------------
 12345678901234567890
(1 row)

select oracle.to_char(1234567890.12345);
     to_char      
------------------
 1234567890.12345
(1 row)

select oracle.to_char('4.00'::numeric);
 to_char 
---------
 4
(1 row)

select oracle.to_char('4.0010'::numeric);
 to_char 
---------
 4.001
(1 row)

select oracle.to_char(INTERVAL '0-2' YEAR TO MONTH);
 to_char 
---------
 2 mons
(1 row)

select oracle.to_char(INTERVAL '12-2' YEAR TO MONTH);
     to_char     
-----------------
 12 years 2 mons
(1 row)

select oracle.to_char(INTERVAL '3 2:20:05.7' DAY TO SECOND);
      to_char      
-------------------
 3 days 02:20:05.7
(1 row)

select oracle.to_char(NULL);
 to_char 
---------
 
(1 row)

select oracle.to_char('22');
 to_char 
---------
 22
(1 row)

