set datestyle = ISO ,YMD;
set timezone = 'Asia/Shanghai';
set intervalstyle = postgres;
set compatible_mode to 'oracle';
SELECT oracle.to_number(123.456::float);
 to_number 
-----------
   123.456
(1 row)

select to_number('19f','xxx');
 to_number 
-----------
       415
(1 row)

select to_number('12345.678', '$99999.999') ;
ERROR:  paramter is invalid,Please note the format!
select to_number('$12345.678', '$99999.99') ;
ERROR:  paramter is invalid,Please note the format!
select to_number('$12345.678', '$99999.999') ;
 to_number 
-----------
 12345.678
(1 row)

select to_number('12345.678', '$99999.999') ;
ERROR:  paramter is invalid,Please note the format!
select to_number('12345.678', '99999.999');
 to_number 
-----------
 12345.678
(1 row)

select to_number('12345.678', '9999.999');
ERROR:  paramter is invalid,Please note the format!
select to_number('13,678', '99,9999');
ERROR:  paramter is invalid,Please note the format is not match!
select to_number('13,678', '99,999');
 to_number 
-----------
     13678
(1 row)

select to_number('11,13,678', '999,99,999');
 to_number 
-----------
   1113678
(1 row)

select to_number('1,6,7,8', '99,99');
ERROR:  paramter is invalid,Please note the format is not match!
select to_number('1,6,7,8', '99,9,9,9999');
 to_number 
-----------
      1678
(1 row)

select to_number('16,7,8', '999,9');
ERROR:  paramter is invalid,Please note the format is not match!
select to_number('16,7,8,9', '9999,99');
ERROR:  paramter is invalid,Please note the format is not match!
select to_number('163,7,8', '999,99');
 to_number 
-----------
      1637
(1 row)

select to_number('1,2,6', '999,9,9');
 to_number 
-----------
       126
(1 row)

select to_number('1,2,6', '9999,99');
 to_number 
-----------
       126
(1 row)

select to_number('12,163,7,8,98', '99,9999,9999,9,9,99');
ERROR:  paramter is invalid,Please note the format is not match!
select to_number('12,163,7,8,98', '99,9999,999,9,9,99');
 to_number 
-----------
 121637898
(1 row)

select to_number('12,6,7,8', '9,9999999');
 to_number 
-----------
     12678
(1 row)

select to_number('12,67,89', '99,9,9999');
ERROR:  paramter is invalid,Please note the format is not match!
select to_number('12,67,897', '9999,99,999');
 to_number 
-----------
   1267897
(1 row)

select to_number('1,6,7,8', '99,99,9,9999');
 to_number 
-----------
      1678
(1 row)

select to_number('1,2,6', '99,9') ;
ERROR:  paramter is invalid,Please note the format is not match!
select to_number('12,678', '99,9,99,999');
 to_number 
-----------
     12678
(1 row)

select to_number('12,678', '9999,99');
ERROR:  paramter is invalid,Please note the format is not match!
select to_number('1,2,6,78', '9999,9,99') ;
ERROR:  paramter is invalid,Please note the format is not match!
select to_number('1,2,6,78', '9999,9,999') ;
 to_number 
-----------
     12678
(1 row)

select to_number('12,6,78', '99999');
 to_number 
-----------
       126
(1 row)

select to_number('1,2,6,7,8', '9,9,9,9,99');
 to_number 
-----------
     12678
(1 row)

select to_number('1,2,6,7,8', '99,9,9,9,9');
 to_number 
-----------
     12678
(1 row)

select to_number('1,2,6,7,8', '99,99,99,99,99');
ERROR:  paramter is invalid,Please note the format is not match!
select to_number('1,2,6,7,8', '99,99,9,9,99');
 to_number 
-----------
     12678
(1 row)

select to_number('1,2,6,7,8', '99,99,99,9,999');
 to_number 
-----------
     12678
(1 row)

select to_number('12,163,7,8,98', '99,9999,999,9,9,99');
 to_number 
-----------
 121637898
(1 row)

select to_number('12,163,7,8,98', '99,9999,9999,9,9,99');
ERROR:  paramter is invalid,Please note the format is not match!
select to_number('12,163,7,8,98', '99,99,999,9,9,99');
 to_number 
-----------
 121637898
(1 row)

select to_number('12,163,7,8,98', '99,99,9999,9,9,99');
ERROR:  paramter is invalid,Please note the format is not match!
select to_number('12,163,7,8,98', '9999,999,999,9,9,99');
 to_number 
-----------
 121637898
(1 row)

set compatible_mode to default;
