SET client_encoding = utf8;
set datestyle='ISO,MDY';
set time zone 'PRC';
set compatible_mode = 'oracle';
create table TBL_TEST(id int, dtime oracle.date);
insert into TBL_TEST values (1, '1921-07-01');
select * from TBL_TEST ;
 id |        dtime        
----+---------------------
  1 | 1921-07-01 00:00:00
(1 row)

drop table TBL_TEST;
select '11' + '2021-10-27 18:09:32'::oracle.date;
      ?column?       
---------------------
 2021-10-27 18:09:43
(1 row)

select '10000' + '2021-10-27 18:09:32'::oracle.date;
      ?column?       
---------------------
 2021-10-27 20:56:12
(1 row)

select '10000' + '2021-10-31 23:50:32'::oracle.date;
      ?column?       
---------------------
 2021-11-01 02:37:12
(1 row)

select '10000' + '2021-02-28 23:50:32'::oracle.date;
      ?column?       
---------------------
 2021-03-01 02:37:12
(1 row)

select '1921-07-01 12:13:16'::date + 1234.13;
      ?column?       
---------------------
 1924-11-16 15:20:28
(1 row)

select '1921-07-01 12:13:16'::date + 9999.9;
      ?column?       
---------------------
 1948-11-16 09:49:16
(1 row)

select '2021-08-01 12:13:16'::date + 8735.8;
      ?column?       
---------------------
 2045-07-02 07:25:16
(1 row)

select '2021-08-01 12:13:16'::date + '8735.8'::interval;
      ?column?       
---------------------
 2021-08-01 14:38:51
(1 row)

select '2021-08-01 12:13:16'::timestamp + '8735.8'::interval;
       ?column?        
-----------------------
 2021-08-01 14:38:51.8
(1 row)

select '2021-08-01 12:13:16'::date + 123.123::numeric;
      ?column?       
---------------------
 2021-12-02 15:10:23
(1 row)

select '2021-08-01 12:13:16'::date + 123234::numeric;
      ?column?       
---------------------
 2358-12-27 12:13:16
(1 row)

select '2021-08-01 12:13:16'::date + '12345';
      ?column?       
---------------------
 2021-08-01 15:39:01
(1 row)

select '2021-08-01 12:13:16'::date + '123456789';
      ?column?       
---------------------
 2025-06-30 09:46:25
(1 row)

select '2021-08-01 12:13:16'::date + 123.1345678;
      ?column?       
---------------------
 2021-12-02 15:27:02
(1 row)

select '2021-08-01 12:13:16'::date + 555.552;
      ?column?       
---------------------
 2023-02-08 01:28:08
(1 row)

select 123.12 + '2021-10-28 09:07:15'::oracle.date;
      ?column?       
---------------------
 2022-02-28 12:00:03
(1 row)

select 990099 + '2021-10-28 09:07:15'::oracle.date;
      ?column?       
---------------------
 4732-08-16 09:07:15
(1 row)

select 99 + '2021-10-28 09:07:15'::oracle.date;
      ?column?       
---------------------
 2022-02-04 09:07:15
(1 row)

select 1234.123::numeric(7, 2) + '2021-10-28 09:10:22'::oracle.date;
      ?column?       
---------------------
 2025-03-15 12:03:10
(1 row)

select 10.123::numeric(7, 2) + '2021-10-28 09:10:22'::oracle.date;
      ?column?       
---------------------
 2021-11-07 12:03:10
(1 row)

select '10'::interval + '2021-10-28 09:10:22'::oracle.date;
      ?column?       
---------------------
 2021-10-28 09:10:32
(1 row)

select '10010'::interval + '2021-10-28 09:10:22'::oracle.date;
      ?column?       
---------------------
 2021-10-28 11:57:12
(1 row)

select 1.123456 + '2021-10-28 09:15:22'::oracle.date;
      ?column?       
---------------------
 2021-10-29 12:13:08
(1 row)

select 100.25631 + '2021-10-28 09:15:22'::oracle.date;
      ?column?       
---------------------
 2022-02-05 15:24:27
(1 row)

select '2021-10-28 09:15:22'::oracle.date - '1921-10-28 09:15:22'::oracle.date;
 ?column? 
----------
    36525
(1 row)

select '2021-10-28 09:15:22'::oracle.date - '1971-10-28 09:15:22'::oracle.date;
 ?column? 
----------
    18263
(1 row)

select '2021-10-28 09:15:22'::oracle.date - 123.223::numeric(7, 3);
      ?column?       
---------------------
 2021-06-27 03:54:14
(1 row)

select '2021-10-28 09:15:22'::oracle.date - 999::numeric(7, 3);
      ?column?       
---------------------
 2019-02-02 09:15:22
(1 row)

select '2021-10-28 09:15:22'::oracle.date - '999'::interval;
      ?column?       
---------------------
 2021-10-28 08:58:43
(1 row)

select '2029-10-28 09:15:22'::oracle.date - '999'::interval;
      ?column?       
---------------------
 2029-10-28 08:58:43
(1 row)

select '2029-10-28 09:15:22'::oracle.date - 999.1230;
      ?column?       
---------------------
 2027-02-02 06:18:14
(1 row)

select '1927-08-28 09:15:22'::oracle.date - 100.1230;
      ?column?       
---------------------
 1927-05-20 06:18:14
(1 row)

select '1927-08-28 09:15:22'::oracle.date - 100.123012324;
      ?column?       
---------------------
 1927-05-20 06:18:13
(1 row)

select '1922-12-11 13:14:15'::timestamptz < '1922-12-11 13:14:15'::oracle.date;
 ?column? 
----------
 f
(1 row)

select '1922-12-11 13:14:14.1234'::timestamptz < '1922-12-11 13:14:15'::oracle.date;
 ?column? 
----------
 t
(1 row)

select '1922-12-11 13:14:14.1234'::pg_catalog.date < '1922-12-11 13:14:15'::oracle.date;
 ?column? 
----------
 t
(1 row)

select '2023-12-11 13:14:14.1234'::pg_catalog.date < '2022-12-11 13:14:15'::oracle.date;
 ?column? 
----------
 f
(1 row)

select '2023-12-11 13:14:14.1234'::oracle.date < '2022-12-11 13:14:15'::oracle.date;
 ?column? 
----------
 f
(1 row)

select '2023-12-11 13:14:14.1234'::oracle.date < '2022-12-11 13:14:15'::pg_catalog.date;
 ?column? 
----------
 f
(1 row)

select '2023-12-11 13:14:14.1234'::oracle.date < '2024-12-11 13:14:15'::pg_catalog.date;
 ?column? 
----------
 t
(1 row)

select '2023-12-11 13:14:14.1234'::oracle.date < '2023-12-11 13:14:14.1235'::pg_catalog.date;
 ?column? 
----------
 f
(1 row)

select '2023-12-11 13:14:14.1234'::oracle.date < '2023-12-12 13:14:14.1235'::pg_catalog.date;
 ?column? 
----------
 t
(1 row)

select '2023-12-11 13:14:14.1234'::oracle.date < '2023-12-12 13:14:14.1235'::timestamptz;
 ?column? 
----------
 t
(1 row)

select '2023-12-12 13:14:14.1234'::oracle.date < '2023-12-12 13:14:14.1235'::timestamptz;
 ?column? 
----------
 t
(1 row)

select '2023-12-12 13:14:14.1234'::oracle.date < '2023-12-12 13:14:14.1234'::timestamptz;
 ?column? 
----------
 t
(1 row)

select '2023-12-12 14:14:14.1234'::oracle.date < '2023-12-12 13:14:14.1234'::timestamptz;
 ?column? 
----------
 f
(1 row)

select '2023-12-12 14:14:14.1234'::pg_catalog.date < '2023-12-12 13:14:14.1234'::oracle.date;
 ?column? 
----------
 t
(1 row)

select '2023-12-12 14:14:14.1234'::pg_catalog.date < '2021-12-12 13:14:14.1234'::oracle.date;
 ?column? 
----------
 f
(1 row)

select '2023-12-12 14:14:14.1234'::pg_catalog.date < '2021-12-12 19:00:00'::oracle.date;
 ?column? 
----------
 f
(1 row)

select '2023-12-12 14:14:14.1234'::pg_catalog.date <= '2021-12-12 19:00:00'::oracle.date;
 ?column? 
----------
 f
(1 row)

select '2020-12-12 14:14:14.1234'::pg_catalog.date <= '2021-12-12 19:00:00'::oracle.date;
 ?column? 
----------
 t
(1 row)

select '2020-12-12 14:14:14.1234'::pg_catalog.date <= '2020-12-12 19:00:00'::oracle.date;
 ?column? 
----------
 t
(1 row)

select '2020-12-12 14:14:14.1234'::pg_catalog.date <= '2020-12-12 19:00:00'::timestamptz;
 ?column? 
----------
 t
(1 row)

select '2020-12-12 22:14:14.1234'::pg_catalog.date <= '2020-12-12 19:00:00'::timestamptz;
 ?column? 
----------
 t
(1 row)

select '2020-12-12 22:14:14.1234'::oracle.date <= '2020-12-12 19:00:00'::pg_catalog.date;
 ?column? 
----------
 f
(1 row)

select '2020-12-12 22:14:14.1234'::oracle.date <= '2020-12-11 19:00:00'::pg_catalog.date;
 ?column? 
----------
 f
(1 row)

select '2020-12-12 22:14:14.1234'::oracle.date <= '2020-12-15 19:00:00'::pg_catalog.date;
 ?column? 
----------
 t
(1 row)

select '2021-10-28 22:14:14.1234'::timestamptz <= '2021-10-28 22:14:14.1234'::oracle.date;
 ?column? 
----------
 f
(1 row)

select '2021-10-28 22:14:14'::timestamptz <= '2021-10-28 22:14:14.1234'::oracle.date;
 ?column? 
----------
 t
(1 row)

select '2021-10-28 22:14:14'::timestamptz <= '2021-10-28 22:14:14'::oracle.date;
 ?column? 
----------
 t
(1 row)

select '2021-10-28 22:14:14'::oracle.date <= '2021-10-28 22:14:14'::oracle.date;
 ?column? 
----------
 t
(1 row)

select '2021-10-28 22:14:15'::oracle.date <= '2021-10-28 22:14:14'::oracle.date;
 ?column? 
----------
 f
(1 row)

select '2021-10-28 22:14:14'::timestamptz <> '2021-10-28 22:14:12'::oracle.date;
 ?column? 
----------
 t
(1 row)

select '2021-10-28 22:14:12'::timestamptz <> '2021-10-28 22:14:12'::oracle.date;
 ?column? 
----------
 f
(1 row)

select '2021-10-28 22:14:12'::oracle.date <> '2021-10-28 22:14:12'::oracle.date;
 ?column? 
----------
 f
(1 row)

select '2021-10-28 22:14:13'::oracle.date <> '2021-10-28 22:14:12'::oracle.date;
 ?column? 
----------
 t
(1 row)

select '2021-10-28 22:14:13'::pg_catalog.date <> '2021-10-28 22:14:12'::oracle.date;
 ?column? 
----------
 t
(1 row)

select '2021-10-28 22:14:12'::pg_catalog.date <> '2021-10-28 22:14:12'::oracle.date;
 ?column? 
----------
 t
(1 row)

select '2021-10-28 22:14:12'::oracle.date <> '2021-10-28 22:14:12'::pg_catalog.date;
 ?column? 
----------
 t
(1 row)

select '2021-10-28 22:14:12'::oracle.date <> '2021-10-28 22:14:12'::pg_catalog.date;
 ?column? 
----------
 t
(1 row)

select '2021-10-29 21:10:00'::oracle.date <> '2021-10-28 22:14:12'::pg_catalog.date;
 ?column? 
----------
 t
(1 row)

select '2021-10-29 21:10:00'::oracle.date <> '2021-10-28 22:14:12'::timestamptz;
 ?column? 
----------
 t
(1 row)

select '2021-10-29 21:10:00'::oracle.date <> '2021-10-29 21:10:00'::timestamptz;
 ?column? 
----------
 f
(1 row)

select '2021-10-29 21:10:00'::oracle.date = '2021-10-29 21:10:00'::timestamptz;
 ?column? 
----------
 t
(1 row)

select '2021-10-29 21:10:00'::oracle.date = '2021-10-29 21:10:01'::timestamptz;
 ?column? 
----------
 f
(1 row)

select '2021-10-29 21:10:00'::timestamptz = '2021-10-29 21:10:01'::oracle.date;
 ?column? 
----------
 f
(1 row)

select '2021-10-29 21:10:00'::timestamptz = '2021-10-29 21:10:00'::oracle.date;
 ?column? 
----------
 t
(1 row)

select '2021-10-29 21:10:00'::oracle.date = '2021-10-29 21:10:00'::oracle.date;
 ?column? 
----------
 t
(1 row)

select '2021-10-29 21:10:00'::oracle.date = '2021-10-29 21:10:01'::oracle.date;
 ?column? 
----------
 f
(1 row)

select '2021-10-29 21:10:00'::pg_catalog.date = '2021-10-29 21:10:01'::oracle.date;
 ?column? 
----------
 f
(1 row)

select '2021-10-29 21:10:00'::pg_catalog.date = '2021-10-29 21:10:00'::oracle.date;
 ?column? 
----------
 f
(1 row)

select '2021-10-29 21:10:00'::oracle.date = '2021-10-29 21:10:00'::pg_catalog.date;
 ?column? 
----------
 f
(1 row)

select '2021-10-29 21:10:00'::oracle.date = '2021-10-29 21:10:01'::pg_catalog.date;
 ?column? 
----------
 f
(1 row)

select '2021-10-29 21:10:00'::oracle.date > '2021-10-29 21:10:01'::oracle.date;
 ?column? 
----------
 f
(1 row)

select '2021-10-29 21:10:00'::oracle.date > '2021-10-29 21:10:00'::oracle.date;
 ?column? 
----------
 f
(1 row)

select '2021-10-29 21:10:00'::timestamptz > '2021-10-29 21:10:00'::oracle.date;
 ?column? 
----------
 f
(1 row)

select '2021-10-29 21:10:00'::timestamptz > '2021-10-29 21:10:01'::oracle.date;
 ?column? 
----------
 f
(1 row)

select '2021-10-29 21:10:00'::oracle.date > '2021-10-29 21:10:01'::timestamptz;
 ?column? 
----------
 f
(1 row)

select '2021-10-29 21:10:00'::oracle.date > '2021-10-29 21:10:00'::timestamptz;
 ?column? 
----------
 f
(1 row)

select '2021-10-29 21:10:00'::oracle.date > '2021-10-29 21:10:00'::pg_catalog.date;
 ?column? 
----------
 t
(1 row)

select '2021-10-29 21:10:00'::oracle.date > '2021-10-29 21:10:01'::pg_catalog.date;
 ?column? 
----------
 t
(1 row)

select '2021-10-29 21:10:00'::pg_catalog.date > '2021-10-29 21:10:01'::oracle.date;
 ?column? 
----------
 f
(1 row)

select '2021-10-29 21:10:00'::pg_catalog.date > '2021-10-29 21:10:00'::oracle.date;
 ?column? 
----------
 f
(1 row)

select '2021-10-29 21:10:00'::pg_catalog.date >= '2021-10-29 21:10:00'::oracle.date;
 ?column? 
----------
 f
(1 row)

select '2021-10-29 21:10:00'::pg_catalog.date >= '2021-10-29 21:10:01'::oracle.date;
 ?column? 
----------
 f
(1 row)

select '2021-10-29 21:10:00'::oracle.date >= '2021-10-29 21:10:01'::oracle.date;
 ?column? 
----------
 f
(1 row)

select '2021-10-29 21:10:00'::oracle.date >= '2021-10-29 21:10:00'::oracle.date;
 ?column? 
----------
 t
(1 row)

select '2021-10-29 21:10:00'::oracle.date >= '2021-10-29 21:10:00'::pg_catalog.date;
 ?column? 
----------
 t
(1 row)

select '2021-10-29 21:10:00'::oracle.date >= '2021-10-29 21:10:01'::pg_catalog.date;
 ?column? 
----------
 t
(1 row)

select '2021-10-30 21:10:00'::oracle.date >= '2021-10-29 21:10:01'::pg_catalog.date;
 ?column? 
----------
 t
(1 row)

select '2021-10-28 21:10:00'::oracle.date >= '2021-10-29 21:10:01'::pg_catalog.date;
 ?column? 
----------
 f
(1 row)

select '2021-10-28 21:10:00'::oracle.date >= '2021-10-29 21:10:01'::timestamptz;
 ?column? 
----------
 f
(1 row)

select '2021-10-29 21:10:00'::oracle.date >= '2021-10-29 21:10:01'::timestamptz;
 ?column? 
----------
 f
(1 row)

select '2021-10-29 21:10:00'::oracle.date >= '2021-10-29 21:10:00'::timestamptz;
 ?column? 
----------
 t
(1 row)

select '2021-10-29 21:10:00'::timestamptz >= '2021-10-29 21:10:00'::oracle.date;
 ?column? 
----------
 t
(1 row)

select '2021-10-29 21:10:00'::timestamptz >= '2021-10-29 21:10:01'::oracle.date;
 ?column? 
----------
 f
(1 row)

select '2021-10-29 21:10:00'::oracle.date || '2021-10-28 21:09:00'::oracle.date;
                ?column?                
----------------------------------------
 2021-10-29 21:10:002021-10-28 21:09:00
(1 row)

select '2021-10-29 21:10:00'::oracle.date || ' '::text || '2021-10-28 21:09:00'::oracle.date;
                ?column?                 
-----------------------------------------
 2021-10-29 21:10:00 2021-10-28 21:09:00
(1 row)

select '2021-10-29 21:10:00'::oracle.date || ' before day is: : '::text || '2021-10-28 21:09:00'::oracle.date;
                         ?column?                         
----------------------------------------------------------
 2021-10-29 21:10:00 before day is: : 2021-10-28 21:09:00
(1 row)

create table TBL_TEST(id int, dtime oracle.date);
insert into TBL_TEST values (1, '2021-10-29 21:10:00');
select * from TBL_TEST ;
 id |        dtime        
----+---------------------
  1 | 2021-10-29 21:10:00
(1 row)

select dtime || ' before day is: : '::text || '2021-10-28 21:09:00'::oracle.date from TBL_TEST;
                         ?column?                         
----------------------------------------------------------
 2021-10-29 21:10:00 before day is: : 2021-10-28 21:09:00
(1 row)

drop table TBL_TEST;
CREATE TABLE DATE_TBL (f1 date);
INSERT INTO DATE_TBL VALUES ('1957-04-09');
INSERT INTO DATE_TBL VALUES ('1957-06-13');
INSERT INTO DATE_TBL VALUES ('1996-02-28');
INSERT INTO DATE_TBL VALUES ('1996-02-29');
INSERT INTO DATE_TBL VALUES ('1996-03-01');
INSERT INTO DATE_TBL VALUES ('1996-03-02');
INSERT INTO DATE_TBL VALUES ('1997-02-28');
INSERT INTO DATE_TBL VALUES ('1997-02-29');
ERROR:  date/time field value out of range: "1997-02-29"
LINE 1: INSERT INTO DATE_TBL VALUES ('1997-02-29');
                                     ^
INSERT INTO DATE_TBL VALUES ('1997-03-01');
INSERT INTO DATE_TBL VALUES ('1997-03-02');
INSERT INTO DATE_TBL VALUES ('2000-04-01');
INSERT INTO DATE_TBL VALUES ('2000-04-02');
INSERT INTO DATE_TBL VALUES ('2000-04-03');
INSERT INTO DATE_TBL VALUES ('2038-04-08');
INSERT INTO DATE_TBL VALUES ('2039-04-09');
INSERT INTO DATE_TBL VALUES ('2040-04-10');
SELECT f1 AS "Fifteen" FROM DATE_TBL;
       Fifteen       
---------------------
 1957-04-09 00:00:00
 1957-06-13 00:00:00
 1996-02-28 00:00:00
 1996-02-29 00:00:00
 1996-03-01 00:00:00
 1996-03-02 00:00:00
 1997-02-28 00:00:00
 1997-03-01 00:00:00
 1997-03-02 00:00:00
 2000-04-01 00:00:00
 2000-04-02 00:00:00
 2000-04-03 00:00:00
 2038-04-08 00:00:00
 2039-04-09 00:00:00
 2040-04-10 00:00:00
(15 rows)

SELECT f1 AS "Nine" FROM DATE_TBL WHERE f1 < '2000-01-01';
        Nine         
---------------------
 1957-04-09 00:00:00
 1957-06-13 00:00:00
 1996-02-28 00:00:00
 1996-02-29 00:00:00
 1996-03-01 00:00:00
 1996-03-02 00:00:00
 1997-02-28 00:00:00
 1997-03-01 00:00:00
 1997-03-02 00:00:00
(9 rows)

SELECT f1 AS "Three" FROM DATE_TBL
  WHERE f1 BETWEEN '2000-01-01' AND '2001-01-01';
        Three        
---------------------
 2000-04-01 00:00:00
 2000-04-02 00:00:00
 2000-04-03 00:00:00
(3 rows)

SET datestyle TO iso;  -- display results in ISO
SET datestyle TO ymd;
SELECT date 'January 8, 1999';
        date         
---------------------
 1999-01-08 00:00:00
(1 row)

SELECT date '1999-01-08';
        date         
---------------------
 1999-01-08 00:00:00
(1 row)

SELECT date '1999-01-18';
        date         
---------------------
 1999-01-18 00:00:00
(1 row)

SELECT date '1/8/1999';
ERROR:  date/time field value out of range: "1/8/1999"
LINE 1: SELECT date '1/8/1999';
                    ^
HINT:  Perhaps you need a different "datestyle" setting.
SELECT date '1/18/1999';
ERROR:  date/time field value out of range: "1/18/1999"
LINE 1: SELECT date '1/18/1999';
                    ^
HINT:  Perhaps you need a different "datestyle" setting.
SELECT date '18/1/1999';
ERROR:  date/time field value out of range: "18/1/1999"
LINE 1: SELECT date '18/1/1999';
                    ^
HINT:  Perhaps you need a different "datestyle" setting.
SELECT date '01/02/03';
        date         
---------------------
 2001-02-03 00:00:00
(1 row)

SELECT date '19990108';
        date         
---------------------
 1999-01-08 00:00:00
(1 row)

SELECT date '990108';
        date         
---------------------
 1999-01-08 00:00:00
(1 row)

SELECT date '1999.008';
        date         
---------------------
 1999-01-08 00:00:00
(1 row)

SELECT date 'J2451187';
        date         
---------------------
 1999-01-08 00:00:00
(1 row)

SELECT date 'January 8, 99 BC';
ERROR:  date/time field value out of range: "January 8, 99 BC"
LINE 1: SELECT date 'January 8, 99 BC';
                    ^
HINT:  Perhaps you need a different "datestyle" setting.
SELECT date '99-Jan-08';
        date         
---------------------
 1999-01-08 00:00:00
(1 row)

SELECT date '1999-Jan-08';
        date         
---------------------
 1999-01-08 00:00:00
(1 row)

SELECT date '08-Jan-99';
ERROR:  date/time field value out of range: "08-Jan-99"
LINE 1: SELECT date '08-Jan-99';
                    ^
HINT:  Perhaps you need a different "datestyle" setting.
SELECT date '08-Jan-1999';
        date         
---------------------
 1999-01-08 00:00:00
(1 row)

SELECT date 'Jan-08-99';
ERROR:  date/time field value out of range: "Jan-08-99"
LINE 1: SELECT date 'Jan-08-99';
                    ^
HINT:  Perhaps you need a different "datestyle" setting.
SELECT date 'Jan-08-1999';
        date         
---------------------
 1999-01-08 00:00:00
(1 row)

SELECT date '99-08-Jan';
ERROR:  invalid input syntax for type date: "99-08-Jan"
LINE 1: SELECT date '99-08-Jan';
                    ^
SELECT date '1999-08-Jan';
ERROR:  invalid input syntax for type date: "1999-08-Jan"
LINE 1: SELECT date '1999-08-Jan';
                    ^
SELECT date '99 Jan 08';
        date         
---------------------
 1999-01-08 00:00:00
(1 row)

SELECT date '1999 Jan 08';
        date         
---------------------
 1999-01-08 00:00:00
(1 row)

SELECT date '08 Jan 99';
ERROR:  date/time field value out of range: "08 Jan 99"
LINE 1: SELECT date '08 Jan 99';
                    ^
HINT:  Perhaps you need a different "datestyle" setting.
SELECT date '08 Jan 1999';
        date         
---------------------
 1999-01-08 00:00:00
(1 row)

SELECT date 'Jan 08 99';
ERROR:  date/time field value out of range: "Jan 08 99"
LINE 1: SELECT date 'Jan 08 99';
                    ^
HINT:  Perhaps you need a different "datestyle" setting.
SELECT date 'Jan 08 1999';
        date         
---------------------
 1999-01-08 00:00:00
(1 row)

SELECT date '99 08 Jan';
        date         
---------------------
 1999-01-08 00:00:00
(1 row)

SELECT date '1999 08 Jan';
        date         
---------------------
 1999-01-08 00:00:00
(1 row)

SELECT date '99-01-08';
        date         
---------------------
 1999-01-08 00:00:00
(1 row)

SELECT date '1999-01-08';
        date         
---------------------
 1999-01-08 00:00:00
(1 row)

SELECT date '08-01-99';
ERROR:  date/time field value out of range: "08-01-99"
LINE 1: SELECT date '08-01-99';
                    ^
HINT:  Perhaps you need a different "datestyle" setting.
SELECT date '08-01-1999';
ERROR:  date/time field value out of range: "08-01-1999"
LINE 1: SELECT date '08-01-1999';
                    ^
HINT:  Perhaps you need a different "datestyle" setting.
SELECT date '01-08-99';
ERROR:  date/time field value out of range: "01-08-99"
LINE 1: SELECT date '01-08-99';
                    ^
HINT:  Perhaps you need a different "datestyle" setting.
SELECT date '01-08-1999';
ERROR:  date/time field value out of range: "01-08-1999"
LINE 1: SELECT date '01-08-1999';
                    ^
HINT:  Perhaps you need a different "datestyle" setting.
SELECT date '99-08-01';
        date         
---------------------
 1999-08-01 00:00:00
(1 row)

SELECT date '1999-08-01';
        date         
---------------------
 1999-08-01 00:00:00
(1 row)

SELECT date '99 01 08';
        date         
---------------------
 1999-01-08 00:00:00
(1 row)

SELECT date '1999 01 08';
        date         
---------------------
 1999-01-08 00:00:00
(1 row)

SELECT date '08 01 99';
ERROR:  date/time field value out of range: "08 01 99"
LINE 1: SELECT date '08 01 99';
                    ^
HINT:  Perhaps you need a different "datestyle" setting.
SELECT date '08 01 1999';
ERROR:  date/time field value out of range: "08 01 1999"
LINE 1: SELECT date '08 01 1999';
                    ^
HINT:  Perhaps you need a different "datestyle" setting.
SELECT date '01 08 99';
ERROR:  date/time field value out of range: "01 08 99"
LINE 1: SELECT date '01 08 99';
                    ^
HINT:  Perhaps you need a different "datestyle" setting.
SELECT date '01 08 1999';
ERROR:  date/time field value out of range: "01 08 1999"
LINE 1: SELECT date '01 08 1999';
                    ^
HINT:  Perhaps you need a different "datestyle" setting.
SELECT date '99 08 01';
        date         
---------------------
 1999-08-01 00:00:00
(1 row)

SELECT date '1999 08 01';
        date         
---------------------
 1999-08-01 00:00:00
(1 row)

SET datestyle TO dmy;
SELECT date 'January 8, 1999';
        date         
---------------------
 1999-01-08 00:00:00
(1 row)

SELECT date '1999-01-08';
        date         
---------------------
 1999-01-08 00:00:00
(1 row)

SELECT date '1999-01-18';
        date         
---------------------
 1999-01-18 00:00:00
(1 row)

SELECT date '1/8/1999';
        date         
---------------------
 1999-08-01 00:00:00
(1 row)

SELECT date '1/18/1999';
ERROR:  date/time field value out of range: "1/18/1999"
LINE 1: SELECT date '1/18/1999';
                    ^
HINT:  Perhaps you need a different "datestyle" setting.
SELECT date '18/1/1999';
        date         
---------------------
 1999-01-18 00:00:00
(1 row)

SELECT date '01/02/03';
        date         
---------------------
 2003-02-01 00:00:00
(1 row)

SELECT date '19990108';
        date         
---------------------
 1999-01-08 00:00:00
(1 row)

SELECT date '990108';
        date         
---------------------
 1999-01-08 00:00:00
(1 row)

SELECT date '1999.008';
        date         
---------------------
 1999-01-08 00:00:00
(1 row)

SELECT date 'J2451187';
        date         
---------------------
 1999-01-08 00:00:00
(1 row)

SELECT date 'January 8, 99 BC';
          date          
------------------------
 0099-01-08 00:00:00 BC
(1 row)

SELECT date '99-Jan-08';
ERROR:  date/time field value out of range: "99-Jan-08"
LINE 1: SELECT date '99-Jan-08';
                    ^
HINT:  Perhaps you need a different "datestyle" setting.
SELECT date '1999-Jan-08';
        date         
---------------------
 1999-01-08 00:00:00
(1 row)

SELECT date '08-Jan-99';
        date         
---------------------
 1999-01-08 00:00:00
(1 row)

SELECT date '08-Jan-1999';
        date         
---------------------
 1999-01-08 00:00:00
(1 row)

SELECT date 'Jan-08-99';
        date         
---------------------
 1999-01-08 00:00:00
(1 row)

SELECT date 'Jan-08-1999';
        date         
---------------------
 1999-01-08 00:00:00
(1 row)

SELECT date '99-08-Jan';
ERROR:  invalid input syntax for type date: "99-08-Jan"
LINE 1: SELECT date '99-08-Jan';
                    ^
SELECT date '1999-08-Jan';
ERROR:  invalid input syntax for type date: "1999-08-Jan"
LINE 1: SELECT date '1999-08-Jan';
                    ^
SELECT date '99 Jan 08';
ERROR:  date/time field value out of range: "99 Jan 08"
LINE 1: SELECT date '99 Jan 08';
                    ^
HINT:  Perhaps you need a different "datestyle" setting.
SELECT date '1999 Jan 08';
        date         
---------------------
 1999-01-08 00:00:00
(1 row)

SELECT date '08 Jan 99';
        date         
---------------------
 1999-01-08 00:00:00
(1 row)

SELECT date '08 Jan 1999';
        date         
---------------------
 1999-01-08 00:00:00
(1 row)

SELECT date 'Jan 08 99';
        date         
---------------------
 1999-01-08 00:00:00
(1 row)

SELECT date 'Jan 08 1999';
        date         
---------------------
 1999-01-08 00:00:00
(1 row)

SELECT date '99 08 Jan';
ERROR:  invalid input syntax for type date: "99 08 Jan"
LINE 1: SELECT date '99 08 Jan';
                    ^
SELECT date '1999 08 Jan';
        date         
---------------------
 1999-01-08 00:00:00
(1 row)

SELECT date '99-01-08';
ERROR:  date/time field value out of range: "99-01-08"
LINE 1: SELECT date '99-01-08';
                    ^
HINT:  Perhaps you need a different "datestyle" setting.
SELECT date '1999-01-08';
        date         
---------------------
 1999-01-08 00:00:00
(1 row)

SELECT date '08-01-99';
        date         
---------------------
 1999-01-08 00:00:00
(1 row)

SELECT date '08-01-1999';
        date         
---------------------
 1999-01-08 00:00:00
(1 row)

SELECT date '01-08-99';
        date         
---------------------
 1999-08-01 00:00:00
(1 row)

SELECT date '01-08-1999';
        date         
---------------------
 1999-08-01 00:00:00
(1 row)

SELECT date '99-08-01';
ERROR:  date/time field value out of range: "99-08-01"
LINE 1: SELECT date '99-08-01';
                    ^
HINT:  Perhaps you need a different "datestyle" setting.
SELECT date '1999-08-01';
        date         
---------------------
 1999-08-01 00:00:00
(1 row)

SELECT date '99 01 08';
ERROR:  date/time field value out of range: "99 01 08"
LINE 1: SELECT date '99 01 08';
                    ^
HINT:  Perhaps you need a different "datestyle" setting.
SELECT date '1999 01 08';
        date         
---------------------
 1999-01-08 00:00:00
(1 row)

SELECT date '08 01 99';
        date         
---------------------
 1999-01-08 00:00:00
(1 row)

SELECT date '08 01 1999';
        date         
---------------------
 1999-01-08 00:00:00
(1 row)

SELECT date '01 08 99';
        date         
---------------------
 1999-08-01 00:00:00
(1 row)

SELECT date '01 08 1999';
        date         
---------------------
 1999-08-01 00:00:00
(1 row)

SELECT date '99 08 01';
ERROR:  date/time field value out of range: "99 08 01"
LINE 1: SELECT date '99 08 01';
                    ^
HINT:  Perhaps you need a different "datestyle" setting.
SELECT date '1999 08 01';
        date         
---------------------
 1999-08-01 00:00:00
(1 row)

SET datestyle TO mdy;
SELECT date 'January 8, 1999';
        date         
---------------------
 1999-01-08 00:00:00
(1 row)

SELECT date '1999-01-08';
        date         
---------------------
 1999-01-08 00:00:00
(1 row)

SELECT date '1999-01-18';
        date         
---------------------
 1999-01-18 00:00:00
(1 row)

SELECT date '1/8/1999';
        date         
---------------------
 1999-01-08 00:00:00
(1 row)

SELECT date '1/18/1999';
        date         
---------------------
 1999-01-18 00:00:00
(1 row)

SELECT date '18/1/1999';
ERROR:  date/time field value out of range: "18/1/1999"
LINE 1: SELECT date '18/1/1999';
                    ^
HINT:  Perhaps you need a different "datestyle" setting.
SELECT date '01/02/03';
        date         
---------------------
 2003-01-02 00:00:00
(1 row)

SELECT date '19990108';
        date         
---------------------
 1999-01-08 00:00:00
(1 row)

SELECT date '990108';
        date         
---------------------
 1999-01-08 00:00:00
(1 row)

SELECT date '1999.008';
        date         
---------------------
 1999-01-08 00:00:00
(1 row)

SELECT date 'J2451187';
        date         
---------------------
 1999-01-08 00:00:00
(1 row)

SELECT date 'January 8, 99 BC';
          date          
------------------------
 0099-01-08 00:00:00 BC
(1 row)

SELECT date '99-Jan-08';
ERROR:  date/time field value out of range: "99-Jan-08"
LINE 1: SELECT date '99-Jan-08';
                    ^
HINT:  Perhaps you need a different "datestyle" setting.
SELECT date '1999-Jan-08';
        date         
---------------------
 1999-01-08 00:00:00
(1 row)

SELECT date '08-Jan-99';
        date         
---------------------
 1999-01-08 00:00:00
(1 row)

SELECT date '08-Jan-1999';
        date         
---------------------
 1999-01-08 00:00:00
(1 row)

SELECT date 'Jan-08-99';
        date         
---------------------
 1999-01-08 00:00:00
(1 row)

SELECT date 'Jan-08-1999';
        date         
---------------------
 1999-01-08 00:00:00
(1 row)

SELECT date '99-08-Jan';
ERROR:  invalid input syntax for type date: "99-08-Jan"
LINE 1: SELECT date '99-08-Jan';
                    ^
SELECT date '1999-08-Jan';
ERROR:  invalid input syntax for type date: "1999-08-Jan"
LINE 1: SELECT date '1999-08-Jan';
                    ^
SELECT date '99 Jan 08';
ERROR:  invalid input syntax for type date: "99 Jan 08"
LINE 1: SELECT date '99 Jan 08';
                    ^
SELECT date '1999 Jan 08';
        date         
---------------------
 1999-01-08 00:00:00
(1 row)

SELECT date '08 Jan 99';
        date         
---------------------
 1999-01-08 00:00:00
(1 row)

SELECT date '08 Jan 1999';
        date         
---------------------
 1999-01-08 00:00:00
(1 row)

SELECT date 'Jan 08 99';
        date         
---------------------
 1999-01-08 00:00:00
(1 row)

SELECT date 'Jan 08 1999';
        date         
---------------------
 1999-01-08 00:00:00
(1 row)

SELECT date '99 08 Jan';
ERROR:  invalid input syntax for type date: "99 08 Jan"
LINE 1: SELECT date '99 08 Jan';
                    ^
SELECT date '1999 08 Jan';
        date         
---------------------
 1999-01-08 00:00:00
(1 row)

SELECT date '99-01-08';
ERROR:  date/time field value out of range: "99-01-08"
LINE 1: SELECT date '99-01-08';
                    ^
HINT:  Perhaps you need a different "datestyle" setting.
SELECT date '1999-01-08';
        date         
---------------------
 1999-01-08 00:00:00
(1 row)

SELECT date '08-01-99';
        date         
---------------------
 1999-08-01 00:00:00
(1 row)

SELECT date '08-01-1999';
        date         
---------------------
 1999-08-01 00:00:00
(1 row)

SELECT date '01-08-99';
        date         
---------------------
 1999-01-08 00:00:00
(1 row)

SELECT date '01-08-1999';
        date         
---------------------
 1999-01-08 00:00:00
(1 row)

SELECT date '99-08-01';
ERROR:  date/time field value out of range: "99-08-01"
LINE 1: SELECT date '99-08-01';
                    ^
HINT:  Perhaps you need a different "datestyle" setting.
SELECT date '1999-08-01';
        date         
---------------------
 1999-08-01 00:00:00
(1 row)

SELECT date '99 01 08';
ERROR:  date/time field value out of range: "99 01 08"
LINE 1: SELECT date '99 01 08';
                    ^
HINT:  Perhaps you need a different "datestyle" setting.
SELECT date '1999 01 08';
        date         
---------------------
 1999-01-08 00:00:00
(1 row)

SELECT date '08 01 99';
        date         
---------------------
 1999-08-01 00:00:00
(1 row)

SELECT date '08 01 1999';
        date         
---------------------
 1999-08-01 00:00:00
(1 row)

SELECT date '01 08 99';
        date         
---------------------
 1999-01-08 00:00:00
(1 row)

SELECT date '01 08 1999';
        date         
---------------------
 1999-01-08 00:00:00
(1 row)

SELECT date '99 08 01';
ERROR:  date/time field value out of range: "99 08 01"
LINE 1: SELECT date '99 08 01';
                    ^
HINT:  Perhaps you need a different "datestyle" setting.
SELECT date '1999 08 01';
        date         
---------------------
 1999-08-01 00:00:00
(1 row)

-- Check upper and lower limits of date range
SELECT date '4714-11-24 BC';
          date          
------------------------
 4714-11-24 00:00:00 BC
(1 row)

SELECT date '4714-11-23 BC';  -- out of range
ERROR:  date out of range: "4714-11-23 BC"
LINE 1: SELECT date '4714-11-23 BC';
                    ^
SELECT date '5874897-12-31';
ERROR:  date out of range: "5874897-12-31"
LINE 1: SELECT date '5874897-12-31';
                    ^
SELECT date '5874898-01-01';  -- out of range
ERROR:  date out of range: "5874898-01-01"
LINE 1: SELECT date '5874898-01-01';
                    ^
RESET datestyle;
--
-- Simple math
-- Leave most of it for the horology tests
--
SELECT f1 - date '2000-01-01' AS "Days From 2K" FROM DATE_TBL;
 Days From 2K 
--------------
       -15607
       -15542
        -1403
        -1402
        -1401
        -1400
        -1037
        -1036
        -1035
           91
           92
           93
        13977
        14343
        14710
(15 rows)

SELECT f1 - date 'epoch' AS "Days From Epoch" FROM DATE_TBL;
 Days From Epoch 
-----------------
           -4650
           -4585
            9554
            9555
            9556
            9557
            9920
            9921
            9922
           11048
           11049
           11050
           24934
           25300
           25667
(15 rows)

SELECT date 'yesterday' - date 'today' AS "One day";
 One day 
---------
      -1
(1 row)

SELECT date 'today' - date 'tomorrow' AS "One day";
 One day 
---------
      -1
(1 row)

SELECT date 'yesterday' - date 'tomorrow' AS "Two days";
 Two days 
----------
       -2
(1 row)

SELECT date 'tomorrow' - date 'today' AS "One day";
 One day 
---------
       1
(1 row)

SELECT date 'today' - date 'yesterday' AS "One day";
 One day 
---------
       1
(1 row)

SELECT date 'tomorrow' - date 'yesterday' AS "Two days";
 Two days 
----------
        2
(1 row)

--
-- test extract!
--
-- epoch
--
SELECT EXTRACT(EPOCH FROM DATE        '1970-01-01');     --  0
 extract 
---------
       0
(1 row)

SELECT EXTRACT(EPOCH FROM TIMESTAMP   '1970-01-01');     --  0
 extract  
----------
 0.000000
(1 row)

SELECT EXTRACT(EPOCH FROM TIMESTAMPTZ '1970-01-01+00');  --  0
 extract  
----------
 0.000000
(1 row)

--
-- century
--
SELECT EXTRACT(CENTURY FROM DATE '0101-12-31 BC'); -- -2
 extract 
---------
      -2
(1 row)

SELECT EXTRACT(CENTURY FROM DATE '0100-12-31 BC'); -- -1
 extract 
---------
      -1
(1 row)

SELECT EXTRACT(CENTURY FROM DATE '0001-12-31 BC'); -- -1
 extract 
---------
      -1
(1 row)

SELECT EXTRACT(CENTURY FROM DATE '0001-01-01');    --  1
 extract 
---------
       1
(1 row)

SELECT EXTRACT(CENTURY FROM DATE '0001-01-01 AD'); --  1
 extract 
---------
       1
(1 row)

SELECT EXTRACT(CENTURY FROM DATE '1900-12-31');    -- 19
 extract 
---------
      19
(1 row)

SELECT EXTRACT(CENTURY FROM DATE '1901-01-01');    -- 20
 extract 
---------
      20
(1 row)

SELECT EXTRACT(CENTURY FROM DATE '2000-12-31');    -- 20
 extract 
---------
      20
(1 row)

SELECT EXTRACT(CENTURY FROM DATE '2001-01-01');    -- 21
 extract 
---------
      21
(1 row)

SELECT EXTRACT(CENTURY FROM CURRENT_DATE)>=21 AS True;     -- true
 true 
------
 t
(1 row)

--
-- millennium
--
SELECT EXTRACT(MILLENNIUM FROM DATE '0001-12-31 BC'); -- -1
 extract 
---------
      -1
(1 row)

SELECT EXTRACT(MILLENNIUM FROM DATE '0001-01-01 AD'); --  1
 extract 
---------
       1
(1 row)

SELECT EXTRACT(MILLENNIUM FROM DATE '1000-12-31');    --  1
 extract 
---------
       1
(1 row)

SELECT EXTRACT(MILLENNIUM FROM DATE '1001-01-01');    --  2
 extract 
---------
       2
(1 row)

SELECT EXTRACT(MILLENNIUM FROM DATE '2000-12-31');    --  2
 extract 
---------
       2
(1 row)

SELECT EXTRACT(MILLENNIUM FROM DATE '2001-01-01');    --  3
 extract 
---------
       3
(1 row)

-- next test to be fixed on the turn of the next millennium;-)
SELECT EXTRACT(MILLENNIUM FROM CURRENT_DATE);         --  3
 extract 
---------
       3
(1 row)

--
-- decade
--
SELECT EXTRACT(DECADE FROM DATE '1994-12-25');    -- 199
 extract 
---------
     199
(1 row)

SELECT EXTRACT(DECADE FROM DATE '0010-01-01');    --   1
 extract 
---------
       1
(1 row)

SELECT EXTRACT(DECADE FROM DATE '0009-12-31');    --   0
 extract 
---------
       0
(1 row)

SELECT EXTRACT(DECADE FROM DATE '0001-01-01 BC'); --   0
 extract 
---------
       0
(1 row)

SELECT EXTRACT(DECADE FROM DATE '0002-12-31 BC'); --  -1
 extract 
---------
      -1
(1 row)

SELECT EXTRACT(DECADE FROM DATE '0011-01-01 BC'); --  -1
 extract 
---------
      -1
(1 row)

SELECT EXTRACT(DECADE FROM DATE '0012-12-31 BC'); --  -2
 extract 
---------
      -2
(1 row)

--
-- some other types:
--
-- on a timestamp.
SELECT EXTRACT(CENTURY FROM NOW())>=21 AS True;       -- true
 true 
------
 t
(1 row)

SELECT EXTRACT(CENTURY FROM TIMESTAMP '1970-03-20 04:30:00.00000'); -- 20
 extract 
---------
      20
(1 row)

-- on an interval
SELECT EXTRACT(CENTURY FROM INTERVAL '100 y');  -- 1
 extract 
---------
       1
(1 row)

SELECT EXTRACT(CENTURY FROM INTERVAL '99 y');   -- 0
 extract 
---------
       0
(1 row)

SELECT EXTRACT(CENTURY FROM INTERVAL '-99 y');  -- 0
 extract 
---------
       0
(1 row)

SELECT EXTRACT(CENTURY FROM INTERVAL '-100 y'); -- -1
 extract 
---------
      -1
(1 row)

--
-- test trunc function!
--
set datestyle='ISO,MDY';
SELECT DATE_TRUNC('MILLENNIUM', TIMESTAMP '1970-03-20 04:30:00.00000'); -- 1001
     date_trunc      
---------------------
 1001-01-01 00:00:00
(1 row)

SELECT DATE_TRUNC('MILLENNIUM', DATE '1970-03-20'); -- 1001-01-01
     date_trunc      
---------------------
 1001-01-01 00:00:00
(1 row)

SELECT DATE_TRUNC('CENTURY', TIMESTAMP '1970-03-20 04:30:00.00000'); -- 1901
     date_trunc      
---------------------
 1901-01-01 00:00:00
(1 row)

SELECT DATE_TRUNC('CENTURY', DATE '1970-03-20'); -- 1901
     date_trunc      
---------------------
 1901-01-01 00:00:00
(1 row)

SELECT DATE_TRUNC('CENTURY', DATE '2004-08-10'); -- 2001-01-01
     date_trunc      
---------------------
 2001-01-01 00:00:00
(1 row)

SELECT DATE_TRUNC('CENTURY', DATE '0002-02-04'); -- 0001-01-01
     date_trunc      
---------------------
 0001-01-01 00:00:00
(1 row)

SELECT DATE_TRUNC('CENTURY', DATE '0055-08-10 BC'); -- 0100-01-01 BC
       date_trunc       
------------------------
 0100-01-01 00:00:00 BC
(1 row)

SELECT DATE_TRUNC('DECADE', DATE '1993-12-25'); -- 1990-01-01
     date_trunc      
---------------------
 1990-01-01 00:00:00
(1 row)

SELECT DATE_TRUNC('DECADE', DATE '0004-12-25'); -- 0001-01-01 BC
       date_trunc       
------------------------
 0001-01-01 00:00:00 BC
(1 row)

SELECT DATE_TRUNC('DECADE', DATE '0002-12-31 BC'); -- 0011-01-01 BC
       date_trunc       
------------------------
 0011-01-01 00:00:00 BC
(1 row)

--
-- test infinity
--
select 'infinity'::date, '-infinity'::date;
   date   |   date    
----------+-----------
 infinity | -infinity
(1 row)

select 'infinity'::date > 'today'::date as t;
 t 
---
 t
(1 row)

select '-infinity'::date < 'today'::date as t;
 t 
---
 t
(1 row)

select isfinite('infinity'::date), isfinite('-infinity'::date), isfinite('today'::date);
 isfinite | isfinite | isfinite 
----------+----------+----------
 f        | f        | t
(1 row)

--
-- oscillating fields from non-finite date/timestamptz:
--
SELECT EXTRACT(HOUR FROM DATE 'infinity');      -- NULL
 extract 
---------
        
(1 row)

SELECT EXTRACT(HOUR FROM DATE '-infinity');     -- NULL
 extract 
---------
        
(1 row)

SELECT EXTRACT(HOUR FROM TIMESTAMP   'infinity');      -- NULL
 extract 
---------
        
(1 row)

SELECT EXTRACT(HOUR FROM TIMESTAMP   '-infinity');     -- NULL
 extract 
---------
        
(1 row)

SELECT EXTRACT(HOUR FROM TIMESTAMPTZ 'infinity');      -- NULL
 extract 
---------
        
(1 row)

SELECT EXTRACT(HOUR FROM TIMESTAMPTZ '-infinity');     -- NULL
 extract 
---------
        
(1 row)

-- all possible fields
SELECT EXTRACT(MICROSECONDS  FROM DATE 'infinity');    -- NULL
 extract 
---------
        
(1 row)

SELECT EXTRACT(MILLISECONDS  FROM DATE 'infinity');    -- NULL
 extract 
---------
        
(1 row)

SELECT EXTRACT(SECOND        FROM DATE 'infinity');    -- NULL
 extract 
---------
        
(1 row)

SELECT EXTRACT(MINUTE        FROM DATE 'infinity');    -- NULL
 extract 
---------
        
(1 row)

SELECT EXTRACT(HOUR          FROM DATE 'infinity');    -- NULL
 extract 
---------
        
(1 row)

SELECT EXTRACT(DAY           FROM DATE 'infinity');    -- NULL
 extract 
---------
        
(1 row)

SELECT EXTRACT(MONTH         FROM DATE 'infinity');    -- NULL
 extract 
---------
        
(1 row)

SELECT EXTRACT(QUARTER       FROM DATE 'infinity');    -- NULL
 extract 
---------
        
(1 row)

SELECT EXTRACT(WEEK          FROM DATE 'infinity');    -- NULL
 extract 
---------
        
(1 row)

SELECT EXTRACT(DOW           FROM DATE 'infinity');    -- NULL
 extract 
---------
        
(1 row)

SELECT EXTRACT(ISODOW        FROM DATE 'infinity');    -- NULL
 extract 
---------
        
(1 row)

SELECT EXTRACT(DOY           FROM DATE 'infinity');    -- NULL
 extract 
---------
        
(1 row)

SELECT EXTRACT(TIMEZONE      FROM DATE 'infinity');    -- NULL
 extract 
---------
        
(1 row)

SELECT EXTRACT(TIMEZONE_M    FROM DATE 'infinity');    -- NULL
 extract 
---------
        
(1 row)

SELECT EXTRACT(TIMEZONE_H    FROM DATE 'infinity');    -- NULL
 extract 
---------
        
(1 row)

--
-- monotonic fields from non-finite date/timestamptz:
--
SELECT EXTRACT(EPOCH FROM DATE 'infinity');         --  Infinity
 extract  
----------
 Infinity
(1 row)

SELECT EXTRACT(EPOCH FROM DATE '-infinity');        -- -Infinity
  extract  
-----------
 -Infinity
(1 row)

SELECT EXTRACT(EPOCH FROM TIMESTAMP   'infinity');  --  Infinity
 extract  
----------
 Infinity
(1 row)

SELECT EXTRACT(EPOCH FROM TIMESTAMP   '-infinity'); -- -Infinity
  extract  
-----------
 -Infinity
(1 row)

SELECT EXTRACT(EPOCH FROM TIMESTAMPTZ 'infinity');  --  Infinity
 extract  
----------
 Infinity
(1 row)

SELECT EXTRACT(EPOCH FROM TIMESTAMPTZ '-infinity'); -- -Infinity
  extract  
-----------
 -Infinity
(1 row)

-- all possible fields
SELECT EXTRACT(YEAR       FROM DATE 'infinity');    --  Infinity
 extract  
----------
 Infinity
(1 row)

SELECT EXTRACT(DECADE     FROM DATE 'infinity');    --  Infinity
 extract  
----------
 Infinity
(1 row)

SELECT EXTRACT(CENTURY    FROM DATE 'infinity');    --  Infinity
 extract  
----------
 Infinity
(1 row)

SELECT EXTRACT(MILLENNIUM FROM DATE 'infinity');    --  Infinity
 extract  
----------
 Infinity
(1 row)

SELECT EXTRACT(JULIAN     FROM DATE 'infinity');    --  Infinity
 extract  
----------
 Infinity
(1 row)

SELECT EXTRACT(ISOYEAR    FROM DATE 'infinity');    --  Infinity
 extract  
----------
 Infinity
(1 row)

SELECT EXTRACT(EPOCH      FROM DATE 'infinity');    --  Infinity
 extract  
----------
 Infinity
(1 row)

--
-- wrong fields from non-finite date:
--
SELECT EXTRACT(MICROSEC  FROM DATE 'infinity');     -- ERROR:  timestamp units "microsec" not recognized
ERROR:  timestamp with time zone units "microsec" not recognized
-- test constructors
select make_date(2013, 7, 15);
 make_date  
------------
 2013-07-15
(1 row)

select make_date(-44, 3, 15);
   make_date   
---------------
 0044-03-15 BC
(1 row)

select make_time(8, 20, 0.0);
 make_time 
-----------
 08:20:00
(1 row)

-- should fail
select make_date(2013, 2, 30);
ERROR:  date field value out of range: 2013-02-30
select make_date(2013, 13, 1);
ERROR:  date field value out of range: 2013-13-01
select make_date(2013, 11, -1);
ERROR:  date field value out of range: 2013-11--1
select make_time(10, 55, 100.1);
ERROR:  time field value out of range: 10:55:100.1
select make_time(24, 0, 2.1);
ERROR:  time field value out of range: 24:00:2.1
DROP TABLE DATE_TBL;
