--Test For rpad
set search_path to oracle, pg_catalog;
set datestyle to ISO,YMD;
SELECT oracle.rpad(123, 20, 0);
         rpad         
----------------------
 12300000000000000000
(1 row)

SELECT oracle.rpad(123, 20);
         rpad         
----------------------
 123                 
(1 row)

SELECT oracle.rpad(123::int2, 20::int2, 0::int2);
         rpad         
----------------------
 12300000000000000000
(1 row)

SELECT oracle.rpad(123::int4, 20::int4, 0::int4);
         rpad         
----------------------
 12300000000000000000
(1 row)

SELECT oracle.rpad(123::int4, 20::int4);
         rpad         
----------------------
 123                 
(1 row)

SELECT oracle.rpad(123::int8, 20::int8, 0::int8);
         rpad         
----------------------
 12300000000000000000
(1 row)

SELECT oracle.rpad(123.99::numeric, 20.99::numeric, 0.9::numeric);
         rpad         
----------------------
 123.990.90.90.90.90.
(1 row)

SELECT oracle.rpad(123.00::numeric, 20.99::numeric, 0.9::numeric);
         rpad         
----------------------
 123.000.90.90.90.90.
(1 row)

SELECT oracle.rpad(123.00::numeric, 20::int, 0::int);
         rpad         
----------------------
 123.0000000000000000
(1 row)

SELECT oracle.rpad(123.00::int, 20.99::numeric, 0.9::numeric);
         rpad         
----------------------
 1230.90.90.90.90.90.
(1 row)

SELECT oracle.rpad(123.99::numeric, 20.99::numeric);
         rpad         
----------------------
 123.99              
(1 row)

SELECT oracle.rpad('123', '20'::int, '0');
         rpad         
----------------------
 12300000000000000000
(1 row)

SELECT oracle.rpad('123', '20.99'::numeric, '0');
         rpad         
----------------------
 12300000000000000000
(1 row)

SELECT oracle.rpad('123', '20'::int);
         rpad         
----------------------
 123                 
(1 row)

SELECT oracle.rpad('123', '20.99'::numeric);
         rpad         
----------------------
 123                 
(1 row)

SELECT oracle.rpad('I like'::char(10), 20::int, '#$'::char);
         rpad         
----------------------
 I like    ##########
(1 row)

SELECT oracle.rpad('I like'::char(10), 20::int, '#$'::char(2));
         rpad         
----------------------
 I like    #$#$#$#$#$
(1 row)

SELECT oracle.rpad('I like'::char(10), 20::int);
         rpad         
----------------------
 I like              
(1 row)

SELECT oracle.rpad('$@'::char(2), 20, 'I like'::char(10));
         rpad         
----------------------
 $@I like    I like  
(1 row)

SELECT oracle.rpad('$@'::char(2), 20);
         rpad         
----------------------
 $@                  
(1 row)

SELECT oracle.rpad('I like'::varchar(20), 20::int, '#$'::varchar(20));
         rpad         
----------------------
 I like#$#$#$#$#$#$#$
(1 row)

SELECT oracle.rpad('I like'::varchar2(20), 20::int, '#$'::varchar2(20));
         rpad         
----------------------
 I like#$#$#$#$#$#$#$
(1 row)

SELECT oracle.rpad('I like'::nvarchar2(20), 20::int, '#$'::nvarchar2(20));
         rpad         
----------------------
 I like#$#$#$#$#$#$#$
(1 row)

SELECT rpad('I like'::text, 20::int, '#$'::text);
         rpad         
----------------------
 I like#$#$#$#$#$#$#$
(1 row)

SELECT oracle.rpad('I like'::text, 20.99::numeric, '#$'::text);
         rpad         
----------------------
 I like#$#$#$#$#$#$#$
(1 row)

SELECT oracle.rpad('I like'::text, 20.99::numeric);
         rpad         
----------------------
 I like              
(1 row)

SELECT rpad('I Love China'::text, 25::int);
           rpad            
---------------------------
 I Love China             
(1 row)

SELECT oracle.rpad('I Love China'::text, 25.99::numeric);
           rpad            
---------------------------
 I Love China             
(1 row)

SELECT rpad('I Love China'::text, 7::int, '#$'::text);
  rpad   
---------
 I Love 
(1 row)

SELECT oracle.rpad('I Love China'::text, 7.99::numeric, '#$'::text);
  rpad   
---------
 I Love 
(1 row)

SELECT rpad('我来自China'::text, 25::int, '#$'::text);
           rpad            
---------------------------
 我来自China#$#$#$#$#$#$#$
(1 row)

SELECT oracle.rpad('我来自China'::text, 25.99::numeric, '#$'::text);
           rpad            
---------------------------
 我来自China#$#$#$#$#$#$#$
(1 row)

SELECT oracle.rpad('我来自China'::text, 25.99::numeric);
           rpad            
---------------------------
 我来自China              
(1 row)

SELECT lengthb(rpad('我来自China'::text, 25.99::numeric, '#$'::text));
 lengthb 
---------
      28
(1 row)

SELECT lengthb(rpad('我来自China'::text, 25.99::numeric));
 lengthb 
---------
      28
(1 row)

SELECT length(rpad('我来自China'::text, 25.99::numeric, '#$'::text));
 length 
--------
     22
(1 row)

SELECT length(rpad('我来自China'::text, 25.99::numeric));
 length 
--------
     22
(1 row)

SELECT oracle.rpad('2019-12-12'::date, 20::int, '2019-12-13'::date);
         rpad         
----------------------
 2019-12-12 00:00:002
(1 row)

SELECT oracle.rpad('2019-12-12'::date, 20.99::numeric, '2019-12-13'::date);
         rpad         
----------------------
 2019-12-12 00:00:002
(1 row)

SELECT oracle.rpad('2019-12-12'::date, 20.99::numeric);
         rpad         
----------------------
 2019-12-12 00:00:00 
(1 row)

SELECT oracle.rpad('2019-12-12'::timestamp, 20::int, '2019-12-13'::timestamp);
         rpad         
----------------------
 2019-12-12 00:00:002
(1 row)

SELECT oracle.rpad('2019-12-12'::timestamp, 20.99::numeric, '2019-12-13'::timestamp);
         rpad         
----------------------
 2019-12-12 00:00:002
(1 row)

SELECT oracle.rpad('2019-12-12'::timestamp, 20.99::numeric);
         rpad         
----------------------
 2019-12-12 00:00:00 
(1 row)

SELECT oracle.rpad('2019-12-12'::date, 20.99::numeric, '2019-12-13'::timestamp);
         rpad         
----------------------
 2019-12-12 00:00:002
(1 row)

SELECT oracle.rpad(null,null,null);
 rpad 
------
 
(1 row)

SELECT oracle.rpad(null,null);
 rpad 
------
 
(1 row)

SELECT rpad('ab'::text,-8::int,'*@'::text);
 rpad 
------
 
(1 row)

SELECT rpad('ab'::text,-1::int,'*@'::text);
 rpad 
------
 
(1 row)

SELECT oracle.rpad('ab'::text,-1.9::numeric,'*@'::text);
 rpad 
------
 
(1 row)

SELECT oracle.rpad('ab'::text,-0.9::numeric,'*@'::text);
 rpad 
------
 
(1 row)

SELECT oracle.rpad('ab'::text,0.9::numeric,'*@'::text);
 rpad 
------
 
(1 row)

SELECT rpad('ab'::text,0::int,'*@'::text);
 rpad 
------
 
(1 row)

SELECT oracle.rpad(null,2::int);
 rpad 
------
 
(1 row)

SELECT oracle.rpad(null,2.99::numeric);
 rpad 
------
 
(1 row)

SELECT rpad('ab'::text,-8::int);
 rpad 
------
 
(1 row)

SELECT rpad('ab'::text,-1::int);
 rpad 
------
 
(1 row)

SELECT oracle.rpad('ab'::text,-1.9::numeric);
 rpad 
------
 
(1 row)

SELECT oracle.rpad('ab'::text,-0.9::numeric);
 rpad 
------
 
(1 row)

SELECT oracle.rpad('ab'::text,0.9::numeric);
 rpad 
------
 
(1 row)

SELECT rpad('ab'::text,0::int);
 rpad 
------
 
(1 row)

SELECT oracle.rpad('',3::int,'');
 rpad 
------
 
(1 row)

SELECT oracle.rpad('',3.99::numeric,'');
 rpad 
------
 
(1 row)

SELECT oracle.rpad('',-3::int,'');
 rpad 
------
 
(1 row)

SELECT oracle.rpad('',0::int,'');
 rpad 
------
 
(1 row)

SELECT oracle.rpad('',3::int);
 rpad 
------
    
(1 row)

SELECT oracle.rpad('',3.99::numeric);
 rpad 
------
    
(1 row)

SELECT oracle.rpad('',-3::int);
 rpad 
------
 
(1 row)

SELECT oracle.rpad('',0::int);
 rpad 
------
 
(1 row)

SELECT oracle.rpad(' ',3::int,' ');
 rpad 
------
    
(1 row)

SELECT oracle.rpad(' ',3.99::numeric,' ');
 rpad 
------
    
(1 row)

SELECT oracle.rpad(' ',-3::int,' ');
 rpad 
------
 
(1 row)

SELECT oracle.rpad(' ',0::int,' ');
 rpad 
------
 
(1 row)

SELECT oracle.rpad(' ',3::int);
 rpad 
------
    
(1 row)

SELECT oracle.rpad(' ',3.99::numeric);
 rpad 
------
    
(1 row)

SELECT oracle.rpad(' ',-3::int);
 rpad 
------
 
(1 row)

SELECT oracle.rpad(' ',0::int);
 rpad 
------
 
(1 row)

reset search_path;
