--Test For vsize
set search_path to oracle, pg_catalog;
set datestyle to ISO,YMD;
SELECT vsize(20199) "vsize";
 vsize 
-------
     4
(1 row)

SELECT vsize(2019::int2) "vsize";
 vsize 
-------
     2
(1 row)

SELECT vsize(1::int4) "vsize";
 vsize 
-------
     4
(1 row)

SELECT vsize(10::int4) "vsize";
 vsize 
-------
     4
(1 row)

SELECT vsize(100::int4) "vsize";
 vsize 
-------
     4
(1 row)

SELECT vsize(1000::int4) "vsize";
 vsize 
-------
     4
(1 row)

SELECT vsize(10000::int4) "vsize";
 vsize 
-------
     4
(1 row)

SELECT vsize(30000::int4) "vsize";
 vsize 
-------
     4
(1 row)

SELECT vsize(40000::int8) "vsize";
 vsize 
-------
     8
(1 row)

SELECT vsize(20191234::int8) "vsize";
 vsize 
-------
     8
(1 row)

SELECT vsize(201956.99980855) "vsize";
 vsize 
-------
    10
(1 row)

SELECT vsize(201956.999808::numeric) "vsize";
 vsize 
-------
    10
(1 row)

SELECT vsize(201956.9998::float4) "vsize";
 vsize 
-------
     4
(1 row)

SELECT vsize(201956.9998089::float8) "vsize";
 vsize 
-------
     8
(1 row)

SELECT vsize('120') "vsize";
 vsize 
-------
     3
(1 row)

SELECT vsize('I 8O lIKE AlPH: a b c') "vsize";
 vsize 
-------
    21
(1 row)

SELECT vsize('I 8O lIKE AlPH: a b c'::char(100)) "vsize";
 vsize 
-------
   100
(1 row)

SELECT vsize('I 8O lIKE AlPH: a b c'::varchar(100)) "vsize";
 vsize 
-------
    21
(1 row)

SELECT vsize('I 8O lIKE AlPH: a b c'::varchar2(100)) "vsize";
 vsize 
-------
    21
(1 row)

SELECT vsize('I 8O lIKE AlPH: a b c'::nvarchar2(100)) "vsize";
 vsize 
-------
    21
(1 row)

SELECT vsize('I 8O lIKE AlPH: a b c'::text) "vsize";
 vsize 
-------
    21
(1 row)

SELECT vsize(cast('合理adfad' as varchar(100))) "vsize";
 vsize 
-------
    11
(1 row)

SELECT vsize(cast('合理adfad' as char(100))) "vsize";
 vsize 
-------
   104
(1 row)

SELECT vsize('2019-12-12'::date) "vsize";
 vsize 
-------
     8
(1 row)

SELECT vsize('2019-12-12'::timestamp) "vsize";
 vsize 
-------
     8
(1 row)

SELECT vsize('2019-12-12'::timestamptz) "vsize";
 vsize 
-------
     8
(1 row)

SELECT vsize('P-1Y-2M3DT-4H-5M-6S'::interval) "vsize";
 vsize 
-------
    16
(1 row)

SELECT vsize(null);
 vsize 
-------
      
(1 row)

SELECT vsize('');
 vsize 
-------
     0
(1 row)

SELECT vsize(' ');
 vsize 
-------
     1
(1 row)

SELECT vsize(0::int);
 vsize 
-------
     4
(1 row)

SELECT vsize(-2::int);
 vsize 
-------
     4
(1 row)

SELECT vsize(-2.39::numeric);
 vsize 
-------
     6
(1 row)

reset search_path;
